#
# There is insufficient memory for the Java Runtime Environment to continue.
# Native memory allocation (malloc) failed to allocate 446576 bytes for Chunk::new
# Possible reasons:
#   The system is out of physical RAM or swap space
#   The process is running with CompressedOops enabled, and the Java Heap may be blocking the growth of the native heap
# Possible solutions:
#   Reduce memory load on the system
#   Increase physical memory or swap space
#   Check if swap backing store is full
#   Decrease Java heap size (-Xmx/-Xms)
#   Decrease number of Java threads
#   Decrease Java thread stack sizes (-Xss)
#   Set larger code cache with -XX:ReservedCodeCacheSize=
#   JVM is running with Unscaled Compressed Oops mode in which the Java heap is
#     placed in the first 4GB address space. The Java Heap base address is the
#     maximum limit for the native heap growth. Please use -XX:HeapBaseMinAddress
#     to set the Java Heap base and to place the Java Heap above 4GB virtual address.
# This output file may be truncated or incomplete.
#
#  Out of Memory Error (t:/workspace/open/src/hotspot/share/memory/arena.cpp:197), pid=9780, tid=16056
#
# JRE version: Java(TM) SE Runtime Environment (12.0.2+10) (build 12.0.2+10)
# Java VM: Java HotSpot(TM) 64-Bit Server VM (12.0.2+10, mixed mode, sharing, tiered, compressed oops, g1 gc, windows-amd64)
# No core dump will be written. Minidumps are not enabled by default on client versions of Windows
#

---------------  S U M M A R Y ------------

Command Line: -ea -Didea.test.cyclic.buffer.size=1048576 -javaagent:D:\IntelliJ IDEA 2019.3.3\lib\idea_rt.jar=58982:D:\IntelliJ IDEA 2019.3.3\bin -Dfile.encoding=UTF-8 com.intellij.rt.junit.JUnitStarter -ideVersion5 -junit5 com.example.english.WordServiceTest,addWordServiceShouldAddWord

Host: Intel(R) Core(TM) i3-6006U CPU @ 2.00GHz, 4 cores, 7G,  Windows 10 , 64 bit Build 18362 (10.0.18362.959)
Time: Thu Jul 30 00:19:34 2020 FLE Daylight Time elapsed time: 10 seconds (0d 0h 0m 10s)

---------------  T H R E A D  ---------------

Current thread (0x00000226b1bbf000):  JavaThread "C2 CompilerThread0" daemon [_thread_in_native, id=16056, stack(0x0000003007e00000,0x0000003007f00000)]


Current CompileTask:
C2:  10886 1977       4       jdk.internal.loader.URLClassPath::getResource (74 bytes)

Stack: [0x0000003007e00000,0x0000003007f00000]
Native frames: (J=compiled Java code, j=interpreted, Vv=VM code, C=native code)
V  [jvm.dll+0x63aa2a]
V  [jvm.dll+0x78ce1e]
V  [jvm.dll+0x78e4c1]
V  [jvm.dll+0x78eb13]
V  [jvm.dll+0x2627e8]
V  [jvm.dll+0xc55cc]
V  [jvm.dll+0xc5b4c]
V  [jvm.dll+0x2d4034]
V  [jvm.dll+0x5569ad]
V  [jvm.dll+0x2246f7]
V  [jvm.dll+0x21e313]
V  [jvm.dll+0x21b2b6]
V  [jvm.dll+0x199a20]
V  [jvm.dll+0x22a744]
V  [jvm.dll+0x228d98]
V  [jvm.dll+0x7512a0]
V  [jvm.dll+0x74a2c8]
V  [jvm.dll+0x639b16]
C  [ucrtbase.dll+0x20e82]
C  [KERNEL32.DLL+0x17bd4]
C  [ntdll.dll+0x6ce51]


---------------  P R O C E S S  ---------------

Threads class SMR info:
_java_thread_list=0x00000226b33e8450, length=12, elements={
0x0000022693805000, 0x00000226b1b98000, 0x00000226b1b9b000, 0x00000226b1bbd800,
0x00000226b1bbe000, 0x00000226b1bbf000, 0x00000226b2530000, 0x00000226b2531000,
0x00000226b2763000, 0x00000226b27a4800, 0x00000226b27ad000, 0x00000226b2e91800
}

Java Threads: ( => current thread )
  0x0000022693805000 JavaThread "main" [_thread_blocked, id=1864, stack(0x0000003007300000,0x0000003007400000)]
  0x00000226b1b98000 JavaThread "Reference Handler" daemon [_thread_blocked, id=3432, stack(0x0000003007a00000,0x0000003007b00000)]
  0x00000226b1b9b000 JavaThread "Finalizer" daemon [_thread_blocked, id=17648, stack(0x0000003007b00000,0x0000003007c00000)]
  0x00000226b1bbd800 JavaThread "Signal Dispatcher" daemon [_thread_blocked, id=8820, stack(0x0000003007c00000,0x0000003007d00000)]
  0x00000226b1bbe000 JavaThread "Attach Listener" daemon [_thread_blocked, id=17284, stack(0x0000003007d00000,0x0000003007e00000)]
=>0x00000226b1bbf000 JavaThread "C2 CompilerThread0" daemon [_thread_in_native, id=16056, stack(0x0000003007e00000,0x0000003007f00000)]
  0x00000226b2530000 JavaThread "C1 CompilerThread0" daemon [_thread_blocked, id=104, stack(0x0000003007f00000,0x0000003008000000)]
  0x00000226b2531000 JavaThread "Sweeper thread" daemon [_thread_blocked, id=10764, stack(0x0000003008000000,0x0000003008100000)]
  0x00000226b2763000 JavaThread "Common-Cleaner" daemon [_thread_blocked, id=2420, stack(0x0000003008100000,0x0000003008200000)]
  0x00000226b27a4800 JavaThread "Monitor Ctrl-Break" daemon [_thread_in_native, id=20200, stack(0x0000003008200000,0x0000003008300000)]
  0x00000226b27ad000 JavaThread "Service Thread" daemon [_thread_blocked, id=14680, stack(0x0000003008300000,0x0000003008400000)]
  0x00000226b2e91800 JavaThread "background-preinit" [_thread_in_Java, id=18796, stack(0x0000003008700000,0x0000003008800000)]

Other Threads:
  0x00000226b1b94000 VMThread "VM Thread" [stack: 0x0000003007900000,0x0000003007a00000] [id=17492]
  0x00000226b27b6000 WatcherThread [stack: 0x0000003008400000,0x0000003008500000] [id=3632]
  0x0000022693844000 GCTaskThread "GC Thread#0" [stack: 0x0000003007400000,0x0000003007500000] [id=19016]
  0x00000226b2afa000 GCTaskThread "GC Thread#1" [stack: 0x0000003008500000,0x0000003008600000] [id=15624]
  0x00000226b2b97800 GCTaskThread "GC Thread#2" [stack: 0x0000003008600000,0x0000003008700000] [id=10660]
  0x00000226b2e54000 GCTaskThread "GC Thread#3" [stack: 0x0000003008800000,0x0000003008900000] [id=14996]
  0x0000022693851800 ConcurrentGCThread "G1 Main Marker" [stack: 0x0000003007500000,0x0000003007600000] [id=4772]
  0x0000022693853000 ConcurrentGCThread "G1 Conc#0" [stack: 0x0000003007600000,0x0000003007700000] [id=3652]
  0x00000226938be000 ConcurrentGCThread "G1 Refine#0" [stack: 0x0000003007700000,0x0000003007800000] [id=9544]
  0x00000226b1a16800 ConcurrentGCThread "G1 Young RemSet Sampling" [stack: 0x0000003007800000,0x0000003007900000] [id=1304]

Threads with active compile tasks:
C2 CompilerThread0  1977       4       jdk.internal.loader.URLClassPath::getResource (74 bytes)

VM state:not at safepoint (normal execution)

VM Mutex/Monitor currently owned by a thread: None

Heap address: 0x0000000082000000, size: 2016 MB, Compressed Oops mode: 32-bit
Narrow klass base: 0x0000000800000000, Narrow klass shift: 3
Compressed class space size: 1073741824 Address: 0x0000000801190000

Heap:
 garbage-first heap   total 129024K, used 30445K [0x0000000082000000, 0x0000000100000000)
  region size 1024K, 27 young (27648K), 7 survivors (7168K)
 Metaspace       used 14684K, capacity 15348K, committed 15616K, reserved 1062912K
  class space    used 2006K, capacity 2237K, committed 2304K, reserved 1048576K
Heap Regions: E=young(eden), S=young(survivor), O=old, HS=humongous(starts), HC=humongous(continues), CS=collection set, F=free, A=archive, TAMS=top-at-mark-start (previous, next)
|   0|0x0000000082000000, 0x0000000082100000, 0x0000000082100000|100%|HS|  |TAMS 0x0000000082000000, 0x0000000082000000| Complete 
|   1|0x0000000082100000, 0x0000000082200000, 0x0000000082200000|100%| O|  |TAMS 0x0000000082100000, 0x0000000082100000| Untracked 
|   2|0x0000000082200000, 0x0000000082300000, 0x0000000082300000|100%| O|  |TAMS 0x0000000082200000, 0x0000000082200000| Untracked 
|   3|0x0000000082300000, 0x0000000082400000, 0x0000000082400000|100%| O|  |TAMS 0x0000000082300000, 0x0000000082300000| Untracked 
|   4|0x0000000082400000, 0x000000008244be00, 0x0000000082500000| 29%| O|  |TAMS 0x0000000082400000, 0x0000000082400000| Untracked 
|   5|0x0000000082500000, 0x0000000082500000, 0x0000000082600000|  0%| F|  |TAMS 0x0000000082500000, 0x0000000082500000| Untracked 
|   6|0x0000000082600000, 0x0000000082600000, 0x0000000082700000|  0%| F|  |TAMS 0x0000000082600000, 0x0000000082600000| Untracked 
|   7|0x0000000082700000, 0x0000000082700000, 0x0000000082800000|  0%| F|  |TAMS 0x0000000082700000, 0x0000000082700000| Untracked 
|   8|0x0000000082800000, 0x0000000082800000, 0x0000000082900000|  0%| F|  |TAMS 0x0000000082800000, 0x0000000082800000| Untracked 
|   9|0x0000000082900000, 0x0000000082900000, 0x0000000082a00000|  0%| F|  |TAMS 0x0000000082900000, 0x0000000082900000| Untracked 
|  10|0x0000000082a00000, 0x0000000082a00000, 0x0000000082b00000|  0%| F|  |TAMS 0x0000000082a00000, 0x0000000082a00000| Untracked 
|  11|0x0000000082b00000, 0x0000000082b00000, 0x0000000082c00000|  0%| F|  |TAMS 0x0000000082b00000, 0x0000000082b00000| Untracked 
|  12|0x0000000082c00000, 0x0000000082c00000, 0x0000000082d00000|  0%| F|  |TAMS 0x0000000082c00000, 0x0000000082c00000| Untracked 
|  13|0x0000000082d00000, 0x0000000082d00000, 0x0000000082e00000|  0%| F|  |TAMS 0x0000000082d00000, 0x0000000082d00000| Untracked 
|  14|0x0000000082e00000, 0x0000000082e00000, 0x0000000082f00000|  0%| F|  |TAMS 0x0000000082e00000, 0x0000000082e00000| Untracked 
|  15|0x0000000082f00000, 0x0000000082f00000, 0x0000000083000000|  0%| F|  |TAMS 0x0000000082f00000, 0x0000000082f00000| Untracked 
|  16|0x0000000083000000, 0x0000000083000000, 0x0000000083100000|  0%| F|  |TAMS 0x0000000083000000, 0x0000000083000000| Untracked 
|  17|0x0000000083100000, 0x0000000083100000, 0x0000000083200000|  0%| F|  |TAMS 0x0000000083100000, 0x0000000083100000| Untracked 
|  18|0x0000000083200000, 0x0000000083200000, 0x0000000083300000|  0%| F|  |TAMS 0x0000000083200000, 0x0000000083200000| Untracked 
|  19|0x0000000083300000, 0x0000000083300000, 0x0000000083400000|  0%| F|  |TAMS 0x0000000083300000, 0x0000000083300000| Untracked 
|  20|0x0000000083400000, 0x0000000083400000, 0x0000000083500000|  0%| F|  |TAMS 0x0000000083400000, 0x0000000083400000| Untracked 
|  21|0x0000000083500000, 0x0000000083500000, 0x0000000083600000|  0%| F|  |TAMS 0x0000000083500000, 0x0000000083500000| Untracked 
|  22|0x0000000083600000, 0x0000000083600000, 0x0000000083700000|  0%| F|  |TAMS 0x0000000083600000, 0x0000000083600000| Untracked 
|  23|0x0000000083700000, 0x0000000083700000, 0x0000000083800000|  0%| F|  |TAMS 0x0000000083700000, 0x0000000083700000| Untracked 
|  24|0x0000000083800000, 0x0000000083800000, 0x0000000083900000|  0%| F|  |TAMS 0x0000000083800000, 0x0000000083800000| Untracked 
|  25|0x0000000083900000, 0x0000000083900000, 0x0000000083a00000|  0%| F|  |TAMS 0x0000000083900000, 0x0000000083900000| Untracked 
|  26|0x0000000083a00000, 0x0000000083a00000, 0x0000000083b00000|  0%| F|  |TAMS 0x0000000083a00000, 0x0000000083a00000| Untracked 
|  27|0x0000000083b00000, 0x0000000083b00000, 0x0000000083c00000|  0%| F|  |TAMS 0x0000000083b00000, 0x0000000083b00000| Untracked 
|  28|0x0000000083c00000, 0x0000000083c00000, 0x0000000083d00000|  0%| F|  |TAMS 0x0000000083c00000, 0x0000000083c00000| Untracked 
|  29|0x0000000083d00000, 0x0000000083d00000, 0x0000000083e00000|  0%| F|  |TAMS 0x0000000083d00000, 0x0000000083d00000| Untracked 
|  30|0x0000000083e00000, 0x0000000083e00000, 0x0000000083f00000|  0%| F|  |TAMS 0x0000000083e00000, 0x0000000083e00000| Untracked 
|  31|0x0000000083f00000, 0x0000000083f00000, 0x0000000084000000|  0%| F|  |TAMS 0x0000000083f00000, 0x0000000083f00000| Untracked 
|  32|0x0000000084000000, 0x0000000084000000, 0x0000000084100000|  0%| F|  |TAMS 0x0000000084000000, 0x0000000084000000| Untracked 
|  33|0x0000000084100000, 0x0000000084100000, 0x0000000084200000|  0%| F|  |TAMS 0x0000000084100000, 0x0000000084100000| Untracked 
|  34|0x0000000084200000, 0x0000000084200000, 0x0000000084300000|  0%| F|  |TAMS 0x0000000084200000, 0x0000000084200000| Untracked 
|  35|0x0000000084300000, 0x0000000084300000, 0x0000000084400000|  0%| F|  |TAMS 0x0000000084300000, 0x0000000084300000| Untracked 
|  36|0x0000000084400000, 0x0000000084400000, 0x0000000084500000|  0%| F|  |TAMS 0x0000000084400000, 0x0000000084400000| Untracked 
|  37|0x0000000084500000, 0x0000000084500000, 0x0000000084600000|  0%| F|  |TAMS 0x0000000084500000, 0x0000000084500000| Untracked 
|  38|0x0000000084600000, 0x0000000084600000, 0x0000000084700000|  0%| F|  |TAMS 0x0000000084600000, 0x0000000084600000| Untracked 
|  39|0x0000000084700000, 0x0000000084700000, 0x0000000084800000|  0%| F|  |TAMS 0x0000000084700000, 0x0000000084700000| Untracked 
|  40|0x0000000084800000, 0x0000000084800000, 0x0000000084900000|  0%| F|  |TAMS 0x0000000084800000, 0x0000000084800000| Untracked 
|  41|0x0000000084900000, 0x0000000084900000, 0x0000000084a00000|  0%| F|  |TAMS 0x0000000084900000, 0x0000000084900000| Untracked 
|  42|0x0000000084a00000, 0x0000000084a00000, 0x0000000084b00000|  0%| F|  |TAMS 0x0000000084a00000, 0x0000000084a00000| Untracked 
|  43|0x0000000084b00000, 0x0000000084b00000, 0x0000000084c00000|  0%| F|  |TAMS 0x0000000084b00000, 0x0000000084b00000| Untracked 
|  44|0x0000000084c00000, 0x0000000084c6f9d0, 0x0000000084d00000| 43%| S|CS|TAMS 0x0000000084c00000, 0x0000000084c00000| Complete 
|  45|0x0000000084d00000, 0x0000000084e00000, 0x0000000084e00000|100%| S|CS|TAMS 0x0000000084d00000, 0x0000000084d00000| Complete 
|  46|0x0000000084e00000, 0x0000000084f00000, 0x0000000084f00000|100%| S|CS|TAMS 0x0000000084e00000, 0x0000000084e00000| Complete 
|  47|0x0000000084f00000, 0x0000000085000000, 0x0000000085000000|100%| S|CS|TAMS 0x0000000084f00000, 0x0000000084f00000| Complete 
|  48|0x0000000085000000, 0x0000000085100000, 0x0000000085100000|100%| S|CS|TAMS 0x0000000085000000, 0x0000000085000000| Complete 
|  49|0x0000000085100000, 0x0000000085200000, 0x0000000085200000|100%| S|CS|TAMS 0x0000000085100000, 0x0000000085100000| Complete 
|  50|0x0000000085200000, 0x0000000085300000, 0x0000000085300000|100%| S|CS|TAMS 0x0000000085200000, 0x0000000085200000| Complete 
|  51|0x0000000085300000, 0x0000000085300000, 0x0000000085400000|  0%| F|  |TAMS 0x0000000085300000, 0x0000000085300000| Untracked 
|  52|0x0000000085400000, 0x0000000085400000, 0x0000000085500000|  0%| F|  |TAMS 0x0000000085400000, 0x0000000085400000| Untracked 
|  53|0x0000000085500000, 0x0000000085500000, 0x0000000085600000|  0%| F|  |TAMS 0x0000000085500000, 0x0000000085500000| Untracked 
|  54|0x0000000085600000, 0x0000000085600000, 0x0000000085700000|  0%| F|  |TAMS 0x0000000085600000, 0x0000000085600000| Untracked 
|  55|0x0000000085700000, 0x0000000085700000, 0x0000000085800000|  0%| F|  |TAMS 0x0000000085700000, 0x0000000085700000| Untracked 
|  56|0x0000000085800000, 0x0000000085800000, 0x0000000085900000|  0%| F|  |TAMS 0x0000000085800000, 0x0000000085800000| Untracked 
|  57|0x0000000085900000, 0x0000000085900000, 0x0000000085a00000|  0%| F|  |TAMS 0x0000000085900000, 0x0000000085900000| Untracked 
|  58|0x0000000085a00000, 0x0000000085a00000, 0x0000000085b00000|  0%| F|  |TAMS 0x0000000085a00000, 0x0000000085a00000| Untracked 
|  59|0x0000000085b00000, 0x0000000085b00000, 0x0000000085c00000|  0%| F|  |TAMS 0x0000000085b00000, 0x0000000085b00000| Untracked 
|  60|0x0000000085c00000, 0x0000000085c00000, 0x0000000085d00000|  0%| F|  |TAMS 0x0000000085c00000, 0x0000000085c00000| Untracked 
|  61|0x0000000085d00000, 0x0000000085d00000, 0x0000000085e00000|  0%| F|  |TAMS 0x0000000085d00000, 0x0000000085d00000| Untracked 
|  62|0x0000000085e00000, 0x0000000085e00000, 0x0000000085f00000|  0%| F|  |TAMS 0x0000000085e00000, 0x0000000085e00000| Untracked 
|  63|0x0000000085f00000, 0x0000000085f00000, 0x0000000086000000|  0%| F|  |TAMS 0x0000000085f00000, 0x0000000085f00000| Untracked 
|  64|0x0000000086000000, 0x0000000086000000, 0x0000000086100000|  0%| F|  |TAMS 0x0000000086000000, 0x0000000086000000| Untracked 
|  65|0x0000000086100000, 0x0000000086100000, 0x0000000086200000|  0%| F|  |TAMS 0x0000000086100000, 0x0000000086100000| Untracked 
|  66|0x0000000086200000, 0x0000000086200000, 0x0000000086300000|  0%| F|  |TAMS 0x0000000086200000, 0x0000000086200000| Untracked 
|  67|0x0000000086300000, 0x0000000086300000, 0x0000000086400000|  0%| F|  |TAMS 0x0000000086300000, 0x0000000086300000| Untracked 
|  68|0x0000000086400000, 0x0000000086400000, 0x0000000086500000|  0%| F|  |TAMS 0x0000000086400000, 0x0000000086400000| Untracked 
|  69|0x0000000086500000, 0x0000000086500000, 0x0000000086600000|  0%| F|  |TAMS 0x0000000086500000, 0x0000000086500000| Untracked 
|  70|0x0000000086600000, 0x0000000086600000, 0x0000000086700000|  0%| F|  |TAMS 0x0000000086600000, 0x0000000086600000| Untracked 
|  71|0x0000000086700000, 0x0000000086700000, 0x0000000086800000|  0%| F|  |TAMS 0x0000000086700000, 0x0000000086700000| Untracked 
|  72|0x0000000086800000, 0x0000000086800000, 0x0000000086900000|  0%| F|  |TAMS 0x0000000086800000, 0x0000000086800000| Untracked 
|  73|0x0000000086900000, 0x0000000086900000, 0x0000000086a00000|  0%| F|  |TAMS 0x0000000086900000, 0x0000000086900000| Untracked 
|  74|0x0000000086a00000, 0x0000000086a00000, 0x0000000086b00000|  0%| F|  |TAMS 0x0000000086a00000, 0x0000000086a00000| Untracked 
|  75|0x0000000086b00000, 0x0000000086b00000, 0x0000000086c00000|  0%| F|  |TAMS 0x0000000086b00000, 0x0000000086b00000| Untracked 
|  76|0x0000000086c00000, 0x0000000086c00000, 0x0000000086d00000|  0%| F|  |TAMS 0x0000000086c00000, 0x0000000086c00000| Untracked 
|  77|0x0000000086d00000, 0x0000000086d00000, 0x0000000086e00000|  0%| F|  |TAMS 0x0000000086d00000, 0x0000000086d00000| Untracked 
|  78|0x0000000086e00000, 0x0000000086e00000, 0x0000000086f00000|  0%| F|  |TAMS 0x0000000086e00000, 0x0000000086e00000| Untracked 
|  79|0x0000000086f00000, 0x0000000086f00000, 0x0000000087000000|  0%| F|  |TAMS 0x0000000086f00000, 0x0000000086f00000| Untracked 
|  80|0x0000000087000000, 0x0000000087000000, 0x0000000087100000|  0%| F|  |TAMS 0x0000000087000000, 0x0000000087000000| Untracked 
|  81|0x0000000087100000, 0x0000000087100000, 0x0000000087200000|  0%| F|  |TAMS 0x0000000087100000, 0x0000000087100000| Untracked 
|  82|0x0000000087200000, 0x0000000087200000, 0x0000000087300000|  0%| F|  |TAMS 0x0000000087200000, 0x0000000087200000| Untracked 
|  83|0x0000000087300000, 0x0000000087300000, 0x0000000087400000|  0%| F|  |TAMS 0x0000000087300000, 0x0000000087300000| Untracked 
|  84|0x0000000087400000, 0x0000000087400000, 0x0000000087500000|  0%| F|  |TAMS 0x0000000087400000, 0x0000000087400000| Untracked 
|  85|0x0000000087500000, 0x0000000087500000, 0x0000000087600000|  0%| F|  |TAMS 0x0000000087500000, 0x0000000087500000| Untracked 
|  86|0x0000000087600000, 0x0000000087600000, 0x0000000087700000|  0%| F|  |TAMS 0x0000000087600000, 0x0000000087600000| Untracked 
|  87|0x0000000087700000, 0x0000000087700000, 0x0000000087800000|  0%| F|  |TAMS 0x0000000087700000, 0x0000000087700000| Untracked 
|  88|0x0000000087800000, 0x0000000087800000, 0x0000000087900000|  0%| F|  |TAMS 0x0000000087800000, 0x0000000087800000| Untracked 
|  89|0x0000000087900000, 0x0000000087900000, 0x0000000087a00000|  0%| F|  |TAMS 0x0000000087900000, 0x0000000087900000| Untracked 
|  90|0x0000000087a00000, 0x0000000087a00000, 0x0000000087b00000|  0%| F|  |TAMS 0x0000000087a00000, 0x0000000087a00000| Untracked 
|  91|0x0000000087b00000, 0x0000000087b00000, 0x0000000087c00000|  0%| F|  |TAMS 0x0000000087b00000, 0x0000000087b00000| Untracked 
|  92|0x0000000087c00000, 0x0000000087c00000, 0x0000000087d00000|  0%| F|  |TAMS 0x0000000087c00000, 0x0000000087c00000| Untracked 
|  93|0x0000000087d00000, 0x0000000087d00000, 0x0000000087e00000|  0%| F|  |TAMS 0x0000000087d00000, 0x0000000087d00000| Untracked 
|  94|0x0000000087e00000, 0x0000000087e00000, 0x0000000087f00000|  0%| F|  |TAMS 0x0000000087e00000, 0x0000000087e00000| Untracked 
|  95|0x0000000087f00000, 0x0000000087f00000, 0x0000000088000000|  0%| F|  |TAMS 0x0000000087f00000, 0x0000000087f00000| Untracked 
|  96|0x0000000088000000, 0x0000000088000000, 0x0000000088100000|  0%| F|  |TAMS 0x0000000088000000, 0x0000000088000000| Untracked 
|  97|0x0000000088100000, 0x0000000088100000, 0x0000000088200000|  0%| F|  |TAMS 0x0000000088100000, 0x0000000088100000| Untracked 
|  98|0x0000000088200000, 0x0000000088200000, 0x0000000088300000|  0%| F|  |TAMS 0x0000000088200000, 0x0000000088200000| Untracked 
|  99|0x0000000088300000, 0x0000000088300000, 0x0000000088400000|  0%| F|  |TAMS 0x0000000088300000, 0x0000000088300000| Untracked 
| 100|0x0000000088400000, 0x0000000088400000, 0x0000000088500000|  0%| F|  |TAMS 0x0000000088400000, 0x0000000088400000| Untracked 
| 101|0x0000000088500000, 0x0000000088500000, 0x0000000088600000|  0%| F|  |TAMS 0x0000000088500000, 0x0000000088500000| Untracked 
| 102|0x0000000088600000, 0x0000000088600000, 0x0000000088700000|  0%| F|  |TAMS 0x0000000088600000, 0x0000000088600000| Untracked 
| 103|0x0000000088700000, 0x0000000088700000, 0x0000000088800000|  0%| F|  |TAMS 0x0000000088700000, 0x0000000088700000| Untracked 
| 104|0x0000000088800000, 0x0000000088800000, 0x0000000088900000|  0%| F|  |TAMS 0x0000000088800000, 0x0000000088800000| Untracked 
| 105|0x0000000088900000, 0x000000008894fc08, 0x0000000088a00000| 31%| E|  |TAMS 0x0000000088900000, 0x0000000088900000| Complete 
| 106|0x0000000088a00000, 0x0000000088b00000, 0x0000000088b00000|100%| E|CS|TAMS 0x0000000088a00000, 0x0000000088a00000| Complete 
| 107|0x0000000088b00000, 0x0000000088c00000, 0x0000000088c00000|100%| E|CS|TAMS 0x0000000088b00000, 0x0000000088b00000| Complete 
| 108|0x0000000088c00000, 0x0000000088d00000, 0x0000000088d00000|100%| E|CS|TAMS 0x0000000088c00000, 0x0000000088c00000| Complete 
| 109|0x0000000088d00000, 0x0000000088e00000, 0x0000000088e00000|100%| E|CS|TAMS 0x0000000088d00000, 0x0000000088d00000| Complete 
| 110|0x0000000088e00000, 0x0000000088f00000, 0x0000000088f00000|100%| E|CS|TAMS 0x0000000088e00000, 0x0000000088e00000| Complete 
| 111|0x0000000088f00000, 0x0000000089000000, 0x0000000089000000|100%| E|CS|TAMS 0x0000000088f00000, 0x0000000088f00000| Complete 
| 112|0x0000000089000000, 0x0000000089100000, 0x0000000089100000|100%| E|CS|TAMS 0x0000000089000000, 0x0000000089000000| Complete 
| 113|0x0000000089100000, 0x0000000089200000, 0x0000000089200000|100%| E|CS|TAMS 0x0000000089100000, 0x0000000089100000| Complete 
| 114|0x0000000089200000, 0x0000000089300000, 0x0000000089300000|100%| E|CS|TAMS 0x0000000089200000, 0x0000000089200000| Complete 
| 115|0x0000000089300000, 0x0000000089400000, 0x0000000089400000|100%| E|CS|TAMS 0x0000000089300000, 0x0000000089300000| Complete 
| 116|0x0000000089400000, 0x0000000089500000, 0x0000000089500000|100%| E|CS|TAMS 0x0000000089400000, 0x0000000089400000| Complete 
| 117|0x0000000089500000, 0x0000000089600000, 0x0000000089600000|100%| E|CS|TAMS 0x0000000089500000, 0x0000000089500000| Complete 
| 118|0x0000000089600000, 0x0000000089700000, 0x0000000089700000|100%| E|CS|TAMS 0x0000000089600000, 0x0000000089600000| Complete 
| 119|0x0000000089700000, 0x0000000089800000, 0x0000000089800000|100%| E|CS|TAMS 0x0000000089700000, 0x0000000089700000| Complete 
| 120|0x0000000089800000, 0x0000000089900000, 0x0000000089900000|100%| E|CS|TAMS 0x0000000089800000, 0x0000000089800000| Complete 
| 121|0x0000000089900000, 0x0000000089a00000, 0x0000000089a00000|100%| E|CS|TAMS 0x0000000089900000, 0x0000000089900000| Complete 
| 122|0x0000000089a00000, 0x0000000089b00000, 0x0000000089b00000|100%| E|CS|TAMS 0x0000000089a00000, 0x0000000089a00000| Complete 
| 123|0x0000000089b00000, 0x0000000089c00000, 0x0000000089c00000|100%| E|CS|TAMS 0x0000000089b00000, 0x0000000089b00000| Complete 
| 124|0x0000000089c00000, 0x0000000089d00000, 0x0000000089d00000|100%| E|CS|TAMS 0x0000000089c00000, 0x0000000089c00000| Complete 
| 125|0x0000000089d00000, 0x0000000089e00000, 0x0000000089e00000|100%| E|CS|TAMS 0x0000000089d00000, 0x0000000089d00000| Complete 

Card table byte_map: [0x00000226aafe0000,0x00000226ab3d0000] _byte_map_base: 0x00000226aabd0000

Marking Bits (Prev, Next): (CMBitMap*) 0x0000022693844c98, (CMBitMap*) 0x0000022693844cd8
 Prev Bits: [0x00000226ab7c0000, 0x00000226ad740000)
 Next Bits: [0x00000226ad740000, 0x00000226af6c0000)

Polling page: 0x0000022691610000

Metaspace:

Usage:
  Non-class:     12.87 MB capacity,    12.47 MB ( 97%) used,   341.13 KB (  3%) free+waste,    67.25 KB ( <1%) overhead. 
      Class:      2.22 MB capacity,     1.97 MB ( 89%) used,   218.78 KB ( 10%) free+waste,    35.75 KB (  2%) overhead. 
       Both:     15.08 MB capacity,    14.43 MB ( 96%) used,   559.91 KB (  4%) free+waste,   103.00 KB ( <1%) overhead. 

Virtual space:
  Non-class space:       14.00 MB reserved,      13.00 MB ( 93%) committed 
      Class space:        1.00 GB reserved,       2.25 MB ( <1%) committed 
             Both:        1.01 GB reserved,      15.25 MB (  1%) committed 

Chunk freelists:
   Non-Class:  1.13 KB
       Class:  384 bytes
        Both:  1.50 KB

CodeHeap 'non-profiled nmethods': size=120064Kb used=752Kb max_used=764Kb free=119311Kb
 bounds [0x00000226a36b0000, 0x00000226a3920000, 0x00000226aabf0000]
CodeHeap 'profiled nmethods': size=120000Kb used=3910Kb max_used=4086Kb free=116089Kb
 bounds [0x000002269c180000, 0x000002269c580000, 0x00000226a36b0000]
CodeHeap 'non-nmethods': size=5696Kb used=1153Kb max_used=1169Kb free=4542Kb
 bounds [0x000002269bbf0000, 0x000002269be60000, 0x000002269c180000]
 total_blobs=2940 nmethods=1852 adapters=380
 compilation: enabled
              stopped_count=0, restarted_count=0
 full_count=0

Compilation events (10 events):
Event: 10.872 Thread 0x00000226b2530000 1990       3       java.util.Collections$EmptySet::toArray (11 bytes)
Event: 10.872 Thread 0x00000226b2530000 nmethod 1990 0x000002269c1e3310 code [0x000002269c1e34e0, 0x000002269c1e3858]
Event: 10.873 Thread 0x00000226b2530000 1991       1       org.springframework.core.annotation.MissingMergedAnnotation::isPresent (2 bytes)
Event: 10.873 Thread 0x00000226b2530000 nmethod 1991 0x00000226a36edc90 code [0x00000226a36ede40, 0x00000226a36edf78]
Event: 10.873 Thread 0x00000226b2530000 1992       3       org.springframework.core.annotation.AnnotationsScanner::getDeclaredAnnotations (55 bytes)
Event: 10.874 Thread 0x00000226b2530000 nmethod 1992 0x000002269c1e2590 code [0x000002269c1e27c0, 0x000002269c1e3130]
Event: 10.874 Thread 0x00000226b2530000 1993       3       org.springframework.core.annotation.TypeMappedAnnotations$MergedAnnotationFinder::doWithAggregate (7 bytes)
Event: 10.875 Thread 0x00000226b2530000 nmethod 1993 0x000002269c1e2110 code [0x000002269c1e22e0, 0x000002269c1e24d8]
Event: 10.875 Thread 0x00000226b2530000 1994       3       org.springframework.core.annotation.TypeMappedAnnotations$MergedAnnotationFinder::doWithAggregate (5 bytes)
Event: 10.875 Thread 0x00000226b2530000 nmethod 1994 0x000002269c1af710 code [0x000002269c1af8c0, 0x000002269c1afa38]

GC Heap History (4 events):
Event: 2.352 GC heap before
{Heap before GC invocations=0 (full 0):
 garbage-first heap   total 129024K, used 14336K [0x0000000082000000, 0x0000000100000000)
  region size 1024K, 14 young (14336K), 0 survivors (0K)
 Metaspace       used 1273K, capacity 4735K, committed 4864K, reserved 1056768K
  class space    used 112K, capacity 451K, committed 512K, reserved 1048576K
}
Event: 2.402 GC heap after
{Heap after GC invocations=1 (full 0):
 garbage-first heap   total 129024K, used 6447K [0x0000000082000000, 0x0000000100000000)
  region size 1024K, 2 young (2048K), 2 survivors (2048K)
 Metaspace       used 1273K, capacity 4735K, committed 4864K, reserved 1056768K
  class space    used 112K, capacity 451K, committed 512K, reserved 1048576K
}
Event: 10.404 GC heap before
{Heap before GC invocations=1 (full 0):
 garbage-first heap   total 129024K, used 81199K [0x0000000082000000, 0x0000000100000000)
  region size 1024K, 75 young (76800K), 2 survivors (2048K)
 Metaspace       used 12571K, capacity 13325K, committed 13440K, reserved 1062912K
  class space    used 1636K, capacity 1908K, committed 1920K, reserved 1048576K
}
Event: 10.454 GC heap after
{Heap after GC invocations=2 (full 0):
 garbage-first heap   total 129024K, used 10989K [0x0000000082000000, 0x0000000100000000)
  region size 1024K, 7 young (7168K), 7 survivors (7168K)
 Metaspace       used 12571K, capacity 13325K, committed 13440K, reserved 1062912K
  class space    used 1636K, capacity 1908K, committed 1920K, reserved 1048576K
}

Deoptimization events (10 events):
Event: 7.194 Thread 0x0000022693805000 Uncommon trap: reason=unstable_if action=reinterpret pc=0x00000226a374a488 method=sun.reflect.generics.parser.SignatureParser.skipIdentifier()V @ 32 c2
Event: 9.524 Thread 0x00000226b2e91800 Uncommon trap: reason=unstable_if action=reinterpret pc=0x00000226a3742d34 method=sun.net.www.ParseUtil.firstEncodeIndex(Ljava/lang/String;)I @ 51 c2
Event: 9.525 Thread 0x00000226b2e91800 Uncommon trap: reason=unstable_if action=reinterpret pc=0x00000226a371acf0 method=sun.net.www.ParseUtil.firstEncodeIndex(Ljava/lang/String;)I @ 51 c2
Event: 9.627 Thread 0x00000226b2e91800 Uncommon trap: reason=unstable_if action=reinterpret pc=0x00000226a372a1c8 method=java.util.concurrent.ConcurrentHashMap.addCount(JI)V @ 171 c2
Event: 10.248 Thread 0x0000022693805000 Uncommon trap: reason=unstable_if action=reinterpret pc=0x00000226a374f5e4 method=java.lang.String.indexOf([BBILjava/lang/String;I)I @ 21 c2
Event: 10.248 Thread 0x0000022693805000 Uncommon trap: reason=profile_predicate action=maybe_recompile pc=0x00000226a3769360 method=org.springframework.boot.context.properties.source.ConfigurationPropertyName$Elements.canShortcutWithSource(Lorg/springframework/boot/context/properties/source/Con
Event: 10.248 Thread 0x0000022693805000 Uncommon trap: reason=profile_predicate action=maybe_recompile pc=0x00000226a3769360 method=org.springframework.boot.context.properties.source.ConfigurationPropertyName$Elements.canShortcutWithSource(Lorg/springframework/boot/context/properties/source/Con
Event: 10.248 Thread 0x0000022693805000 Uncommon trap: reason=profile_predicate action=maybe_recompile pc=0x00000226a3769360 method=org.springframework.boot.context.properties.source.ConfigurationPropertyName$Elements.canShortcutWithSource(Lorg/springframework/boot/context/properties/source/Con
Event: 10.248 Thread 0x0000022693805000 Uncommon trap: reason=profile_predicate action=maybe_recompile pc=0x00000226a3769360 method=org.springframework.boot.context.properties.source.ConfigurationPropertyName$Elements.canShortcutWithSource(Lorg/springframework/boot/context/properties/source/Con
Event: 10.660 Thread 0x0000022693805000 Uncommon trap: reason=unstable_if action=reinterpret pc=0x00000226a3750df8 method=java.net.URL.<init>(Ljava/net/URL;Ljava/lang/String;Ljava/net/URLStreamHandler;)V @ 347 c2

Classes redefined (0 events):
No events

Internal exceptions (10 events):
Event: 9.001 Thread 0x0000022693805000 Exception <a 'java/lang/IncompatibleClassChangeError'{0x0000000086816720}: Found class java.lang.Object, but interface was expected> (0x0000000086816720) thrown at [t:/workspace/open/src/hotspot/share/interpreter/linkResolver.cpp, line 843]
Event: 9.582 Thread 0x0000022693805000 Exception <a 'java/lang/NoSuchMethodError'{0x0000000085ff12b8}: java.lang.invoke.DirectMethodHandle$Holder.invokeStatic(Ljava/lang/Object;Ljava/lang/Object;ILjava/lang/Object;)Ljava/lang/Object;> (0x0000000085ff12b8) thrown at [t:/workspace/open/src/hotsp
Event: 9.583 Thread 0x0000022693805000 Exception <a 'java/lang/NoSuchMethodError'{0x0000000085ff7ac8}: java.lang.invoke.Invokers$Holder.linkToTargetMethod(Ljava/lang/Object;ILjava/lang/Object;Ljava/lang/Object;)Ljava/lang/Object;> (0x0000000085ff7ac8) thrown at [t:/workspace/open/src/hotspot/s
Event: 9.599 Thread 0x0000022693805000 Exception <a 'java/lang/NoSuchMethodError'{0x0000000085e15b08}: java.lang.invoke.DirectMethodHandle$Holder.invokeSpecial(Ljava/lang/Object;Ljava/lang/Object;Ljava/lang/Object;Ljava/lang/Object;)I> (0x0000000085e15b08) thrown at [t:/workspace/open/src/hots
Event: 9.710 Thread 0x0000022693805000 Exception <a 'java/lang/NoSuchMethodError'{0x0000000085dfb718}: java.lang.invoke.DirectMethodHandle$Holder.invokeSpecial(Ljava/lang/Object;Ljava/lang/Object;Ljava/lang/Object;Ljava/lang/Object;Ljava/lang/Object;Ljava/lang/Object;I)Ljava/lang/Object;> (0x0
Event: 9.714 Thread 0x0000022693805000 Exception <a 'java/lang/NoSuchMethodError'{0x0000000085c85838}: java.lang.invoke.DirectMethodHandle$Holder.invokeStatic(Ljava/lang/Object;Ljava/lang/Object;Ljava/lang/Object;Ljava/lang/Object;Ljava/lang/Object;Ljava/lang/Object;I)Ljava/lang/Object;> (0x00
Event: 9.715 Thread 0x0000022693805000 Exception <a 'java/lang/NoSuchMethodError'{0x0000000085c89800}: java.lang.invoke.DirectMethodHandle$Holder.invokeSpecial(Ljava/lang/Object;Ljava/lang/Object;Ljava/lang/Object;Ljava/lang/Object;Ljava/lang/Object;Ljava/lang/Object;Ljava/lang/Object;I)Ljava/
Event: 10.028 Thread 0x0000022693805000 Exception <a 'java/lang/NoSuchMethodError'{0x000000008599bfe0}: java.lang.invoke.DirectMethodHandle$Holder.invokeStaticInit(Ljava/lang/Object;Ljava/lang/Object;)V> (0x000000008599bfe0) thrown at [t:/workspace/open/src/hotspot/share/interpreter/linkResolve
Event: 10.126 Thread 0x0000022693805000 Exception <a 'java/lang/NoSuchMethodError'{0x00000000859d74f8}: java.lang.invoke.DirectMethodHandle$Holder.invokeStatic(Ljava/lang/Object;Ljava/lang/Object;Ljava/lang/Object;Ljava/lang/Object;Ljava/lang/Object;Ljava/lang/Object;)V> (0x00000000859d74f8) th
Event: 10.623 Thread 0x0000022693805000 Exception <a 'java/lang/NoSuchMethodError'{0x0000000089a41460}: java.lang.invoke.DirectMethodHandle$Holder.invokeStatic(Ljava/lang/Object;Ljava/lang/Object;I)V> (0x0000000089a41460) thrown at [t:/workspace/open/src/hotspot/share/interpreter/linkResolver.c

Events (10 events):
Event: 10.880 loading class org/springframework/jndi/JndiAccessor done
Event: 10.880 loading class org/hibernate/validator/internal/util/logging/Log_$logger_en_US
Event: 10.880 loading class org/hibernate/validator/internal/util/logging/Log_$logger_en_US done
Event: 10.880 loading class javax/naming/NamingException
Event: 10.880 loading class org/hibernate/validator/internal/util/logging/Log_$logger_en
Event: 10.880 loading class org/hibernate/validator/internal/util/logging/Log_$logger_en done
Event: 10.881 loading class javax/naming/NamingException done
Event: 10.881 loading class org/hibernate/validator/internal/util/ConcurrentReferenceHashMap
Event: 10.881 loading class org/hibernate/validator/internal/util/ConcurrentReferenceHashMap done
Event: 10.882 loading class javax/naming/InitialContext


Dynamic libraries:
0x00007ff61fe10000 - 0x00007ff61fe1f000 	D:\Java\jdk-12.0.2\bin\java.exe
0x00007ff871a60000 - 0x00007ff871c50000 	C:\Windows\SYSTEM32\ntdll.dll
0x00007ff847a80000 - 0x00007ff847a93000 	C:\Program Files\AVAST Software\Avast\aswhook.dll
0x00007ff8710b0000 - 0x00007ff871162000 	C:\Windows\System32\KERNEL32.DLL
0x00007ff86ea10000 - 0x00007ff86ecb4000 	C:\Windows\System32\KERNELBASE.dll
0x00007ff86f930000 - 0x00007ff86fa2a000 	C:\Windows\System32\ucrtbase.dll
0x00007ff85cf10000 - 0x00007ff85cf28000 	D:\Java\jdk-12.0.2\bin\jli.dll
0x00007ff8702e0000 - 0x00007ff870383000 	C:\Windows\System32\ADVAPI32.dll
0x00007ff870d10000 - 0x00007ff870dae000 	C:\Windows\System32\msvcrt.dll
0x00007ff871980000 - 0x00007ff871a17000 	C:\Windows\System32\sechost.dll
0x00007ff870db0000 - 0x00007ff870ed0000 	C:\Windows\System32\RPCRT4.dll
0x00007ff870ed0000 - 0x00007ff871064000 	C:\Windows\System32\USER32.dll
0x00007ff86e9e0000 - 0x00007ff86ea01000 	C:\Windows\System32\win32u.dll
0x00007ff871070000 - 0x00007ff871096000 	C:\Windows\System32\GDI32.dll
0x00007ff86ecc0000 - 0x00007ff86ee56000 	C:\Windows\System32\gdi32full.dll
0x00007ff86ee60000 - 0x00007ff86eefe000 	C:\Windows\System32\msvcp_win.dll
0x00007ff85c9e0000 - 0x00007ff85c9f6000 	D:\Java\jdk-12.0.2\bin\VCRUNTIME140.dll
0x00007ff85d630000 - 0x00007ff85d8b4000 	C:\Windows\WinSxS\amd64_microsoft.windows.common-controls_6595b64144ccf1df_6.0.18362.959_none_e6c7bbbf130c62bb\COMCTL32.dll
0x00007ff8707b0000 - 0x00007ff870ae5000 	C:\Windows\System32\combase.dll
0x00007ff86fa30000 - 0x00007ff86fab0000 	C:\Windows\System32\bcryptPrimitives.dll
0x00007ff866c90000 - 0x00007ff866c9a000 	C:\Windows\SYSTEM32\VERSION.dll
0x00007ff8703f0000 - 0x00007ff87041e000 	C:\Windows\System32\IMM32.DLL
0x00007ff853530000 - 0x00007ff8535da000 	D:\Java\jdk-12.0.2\bin\msvcp140.dll
0x00007ff816790000 - 0x00007ff817307000 	D:\Java\jdk-12.0.2\bin\server\jvm.dll
0x00007ff870200000 - 0x00007ff870208000 	C:\Windows\System32\PSAPI.DLL
0x00007ff85bb30000 - 0x00007ff85bb39000 	C:\Windows\SYSTEM32\WSOCK32.dll
0x00007ff871910000 - 0x00007ff87197f000 	C:\Windows\System32\WS2_32.dll
0x00007ff86c4c0000 - 0x00007ff86c4e4000 	C:\Windows\SYSTEM32\WINMM.dll
0x00007ff86c490000 - 0x00007ff86c4bd000 	C:\Windows\SYSTEM32\WINMMBASE.dll
0x00007ff86ef00000 - 0x00007ff86ef4a000 	C:\Windows\System32\cfgmgr32.dll
0x00007ff86e970000 - 0x00007ff86e981000 	C:\Windows\System32\kernel.appcore.dll
0x00007ff85c9c0000 - 0x00007ff85c9d1000 	D:\Java\jdk-12.0.2\bin\verify.dll
0x00007ff86d230000 - 0x00007ff86d424000 	C:\Windows\SYSTEM32\DBGHELP.DLL
0x00007ff865e80000 - 0x00007ff865eaa000 	C:\Windows\SYSTEM32\dbgcore.DLL
0x00007ff8587d0000 - 0x00007ff8587f6000 	D:\Java\jdk-12.0.2\bin\java.dll
0x00007ff86aba0000 - 0x00007ff86abae000 	D:\Java\jdk-12.0.2\bin\instrument.dll
0x00007ff8587b0000 - 0x00007ff8587c7000 	D:\Java\jdk-12.0.2\bin\zip.dll
0x00007ff869a50000 - 0x00007ff869a5a000 	D:\Java\jdk-12.0.2\bin\jimage.dll
0x00007ff86fb10000 - 0x00007ff8701f6000 	C:\Windows\System32\SHELL32.dll
0x00007ff871240000 - 0x00007ff8712e9000 	C:\Windows\System32\shcore.dll
0x00007ff86ef50000 - 0x00007ff86f6d2000 	C:\Windows\System32\windows.storage.dll
0x00007ff86e9b0000 - 0x00007ff86e9d3000 	C:\Windows\System32\profapi.dll
0x00007ff86e920000 - 0x00007ff86e96a000 	C:\Windows\System32\powrprof.dll
0x00007ff86e910000 - 0x00007ff86e920000 	C:\Windows\System32\UMPDC.dll
0x00007ff8706a0000 - 0x00007ff8706f2000 	C:\Windows\System32\shlwapi.dll
0x00007ff86f6e0000 - 0x00007ff86f6f7000 	C:\Windows\System32\cryptsp.dll
0x00007ff858440000 - 0x00007ff858459000 	D:\Java\jdk-12.0.2\bin\net.dll
0x00007ff85d250000 - 0x00007ff85d340000 	C:\Windows\SYSTEM32\WINHTTP.dll
0x00007ff85f970000 - 0x00007ff85fb46000 	C:\Windows\SYSTEM32\urlmon.dll
0x00007ff85fb50000 - 0x00007ff85fdf6000 	C:\Windows\SYSTEM32\iertutil.dll
0x00007ff86e350000 - 0x00007ff86e35c000 	C:\Windows\SYSTEM32\CRYPTBASE.DLL
0x00007ff86e180000 - 0x00007ff86e1e7000 	C:\Windows\system32\mswsock.dll
0x00007ff858420000 - 0x00007ff858433000 	D:\Java\jdk-12.0.2\bin\nio.dll
0x00007ff85db00000 - 0x00007ff85db1a000 	D:\IntelliJ IDEA 2019.3.3\bin\breakgen64.dll
0x00007ff869120000 - 0x00007ff869129000 	D:\Java\jdk-12.0.2\bin\management.dll
0x00007ff868ed0000 - 0x00007ff868edc000 	D:\Java\jdk-12.0.2\bin\management_ext.dll
0x00007ff84e380000 - 0x00007ff84e396000 	C:\Windows\system32\napinsp.dll
0x00007ff84e330000 - 0x00007ff84e34a000 	C:\Windows\system32\pnrpnsp.dll
0x00007ff86dee0000 - 0x00007ff86dfab000 	C:\Windows\SYSTEM32\DNSAPI.dll
0x00007ff8710a0000 - 0x00007ff8710a8000 	C:\Windows\System32\NSI.dll
0x00007ff86de90000 - 0x00007ff86deca000 	C:\Windows\SYSTEM32\IPHLPAPI.DLL
0x00007ff84e320000 - 0x00007ff84e32e000 	C:\Windows\System32\winrnr.dll
0x00007ff86aa50000 - 0x00007ff86aa6c000 	C:\Windows\system32\NLAapi.dll
0x00007ff84df00000 - 0x00007ff84df15000 	C:\Windows\system32\wshbth.dll
0x00007ff85c870000 - 0x00007ff85c87a000 	C:\Windows\System32\rasadhlp.dll
0x00007ff865b40000 - 0x00007ff865bb7000 	C:\Windows\System32\fwpuclnt.dll
0x00007ff86f850000 - 0x00007ff86f876000 	C:\Windows\System32\bcrypt.dll

dbghelp: loaded successfully - version: 4.0.5 - missing functions: none
symbol engine: initialized successfully - sym options: 0x614 - pdb path: .;D:\Java\jdk-12.0.2\bin;C:\Windows\SYSTEM32;C:\Program Files\AVAST Software\Avast;C:\Windows\WinSxS\amd64_microsoft.windows.common-controls_6595b64144ccf1df_6.0.18362.959_none_e6c7bbbf130c62bb;D:\Java\jdk-12.0.2\bin\server;D:\IntelliJ IDEA 2019.3.3\bin

VM Arguments:
jvm_args: -ea -Didea.test.cyclic.buffer.size=1048576 -javaagent:D:\IntelliJ IDEA 2019.3.3\lib\idea_rt.jar=58982:D:\IntelliJ IDEA 2019.3.3\bin -Dfile.encoding=UTF-8 
java_command: com.intellij.rt.junit.JUnitStarter -ideVersion5 -junit5 com.example.english.WordServiceTest,addWordServiceShouldAddWord
java_class_path (initial): D:\IntelliJ IDEA 2019.3.3\lib\idea_rt.jar;C:\Users\Martin\.m2\repository\org\junit\platform\junit-platform-launcher\1.5.2\junit-platform-launcher-1.5.2.jar;D:\IntelliJ IDEA 2019.3.3\plugins\junit\lib\junit5-rt.jar;D:\IntelliJ IDEA 2019.3.3\plugins\junit\lib\junit-rt.jar;D:\Downloads\web-english-project\target\test-classes;D:\Downloads\web-english-project\target\classes;C:\Users\Martin\AppData\Roaming\JetBrains\IntelliJIdea2020.1\javascript\extLibs\http_unpkg.com_react@16_umd_react.development.js;C:\Users\Martin\AppData\Roaming\JetBrains\IntelliJIdea2020.1\javascript\extLibs\http_unpkg.com_react@^16_umd_react.production.min.js;C:\Users\Martin\AppData\Roaming\JetBrains\IntelliJIdea2020.1\javascript\extLibs\http_unpkg.com_react-dom@16.13.0_umd_react-dom.production.min.js;C:\Users\Martin\AppData\Roaming\JetBrains\IntelliJIdea2020.1\javascript\extLibs\http_unpkg.com_react-dom@16_umd_react-dom.development.js;C:\Users\Martin\AppData\Roaming\JetBrains\IntelliJIdea2020.1\javascript\extLibs\http_unpkg.com_babel-standalone@6.26.0_babel.js;C:\Users\Martin\AppData\Roaming\JetBrains\IntelliJIdea2020.1\javascript\extLibs\http_unpkg.com_babel-standalone@6_babel.js;C:\Users\Martin\AppData\Roaming\JetBrains\IntelliJIdea2020.1\javascript\extLibs\__maxcdn.bootstrapcdn.com_bootstrap_4.1.1_css_bootstrap.css;C:\Users\Martin\AppData\Roaming\JetBrains\IntelliJIdea2020.1\javascript\extLibs\__maxcdn.bootstrapcdn.com_bootstrap_4.1.1_js_bootstrap.js;C:\Users\Martin\AppData\Roaming\JetBrains\IntelliJIdea2020.1\javascript\extLibs\http_maxcdn.bootstrapcdn.com_bootstrap_4.4.1_css_bootstrap.css;C:\Users\Martin\AppData\Roaming\JetBrains\IntelliJIdea2020.1\javascript\extLibs\http_stackpath.bootstrapcdn.com_bootstrap_4.3.1_css_bootstrap.css;C:\Users\Martin\AppData\Roaming\JetBrains\IntelliJIdea2020.1\javascript\extLibs\http_cdnjs.cloudflare.com_ajax_libs_font-awesome_4.7.0_css_font-awesome.css;C:\Users\Martin\.m2\repository\org\springframework\boot\spring-boot-starter-data-
Launcher Type: SUN_STANDARD

[Global flags]
     intx CICompilerCount                          = 3                                         {product} {ergonomic}
     uint ConcGCThreads                            = 1                                         {product} {ergonomic}
     uint G1ConcRefinementThreads                  = 4                                         {product} {ergonomic}
   size_t G1HeapRegionSize                         = 1048576                                   {product} {ergonomic}
    uintx GCDrainStackTargetSize                   = 64                                        {product} {ergonomic}
   size_t InitialHeapSize                          = 132120576                                 {product} {ergonomic}
   size_t MarkStackSize                            = 4194304                                   {product} {ergonomic}
   size_t MaxHeapSize                              = 2113929216                                {product} {ergonomic}
   size_t MaxNewSize                               = 1267728384                                {product} {ergonomic}
   size_t MinHeapDeltaBytes                        = 1048576                                   {product} {ergonomic}
    uintx NonNMethodCodeHeapSize                   = 5830732                                {pd product} {ergonomic}
    uintx NonProfiledCodeHeapSize                  = 122913754                              {pd product} {ergonomic}
    uintx ProfiledCodeHeapSize                     = 122913754                              {pd product} {ergonomic}
    uintx ReservedCodeCacheSize                    = 251658240                              {pd product} {ergonomic}
     bool SegmentedCodeCache                       = true                                      {product} {ergonomic}
     bool UseCompressedClassPointers               = true                                 {lp64_product} {ergonomic}
     bool UseCompressedOops                        = true                                 {lp64_product} {ergonomic}
     bool UseG1GC                                  = true                                      {product} {ergonomic}
     bool UseLargePagesIndividualAllocation        = false                                  {pd product} {ergonomic}

Logging:
Log output configuration:
 #0: stdout all=warning uptime,level,tags
 #1: stderr all=off uptime,level,tags

Environment Variables:
JAVA_HOME=D:\JavaJDK
PATH=C:\Windows\System32;D:\Javascript;D:\JDK_13.0.2\bin;D:\Git\cmd;D:\Git\cmd;D:\Downloads\apache-maven-3.6.3-bin\apache-maven-3.6.3\bin;C:\Users\Martin\AppData\Roaming\npm;C:\Users\Martin\AppData\Local\Programs\Microsoft VS Code\bin;D:\heroku\bin
USERNAME=Martin
OS=Windows_NT
PROCESSOR_IDENTIFIER=Intel64 Family 6 Model 78 Stepping 3, GenuineIntel



---------------  S Y S T E M  ---------------

OS: Windows 10 , 64 bit Build 18362 (10.0.18362.959)

CPU:total 4 (initial active 4) (2 cores per cpu, 2 threads per core) family 6 model 78 stepping 3, cmov, cx8, fxsr, mmx, sse, sse2, sse3, ssse3, sse4.1, sse4.2, popcnt, avx, avx2, aes, clmul, erms, 3dnowpref, lzcnt, ht, tsc, tscinvbit, bmi1, bmi2, adx, fma

Memory: 4k page, system-wide physical 8056M (390M free)
TotalPageFile size 14375M (AvailPageFile size 3M)
current process WorkingSet (physical memory assigned to process): 160M, peak: 160M
current process commit charge ("private bytes"): 231M, peak: 231M

vm_info: Java HotSpot(TM) 64-Bit Server VM (12.0.2+10) for windows-amd64 JRE (12.0.2+10), built on Jul 16 2019 01:56:17 by "mach5one" with MS VC++ 15.5 (VS2017)

END.
