#
# There is insufficient memory for the Java Runtime Environment to continue.
# Native memory allocation (malloc) failed to allocate 902576 bytes for Chunk::new
# Possible reasons:
#   The system is out of physical RAM or swap space
#   The process is running with CompressedOops enabled, and the Java Heap may be blocking the growth of the native heap
# Possible solutions:
#   Reduce memory load on the system
#   Increase physical memory or swap space
#   Check if swap backing store is full
#   Decrease Java heap size (-Xmx/-Xms)
#   Decrease number of Java threads
#   Decrease Java thread stack sizes (-Xss)
#   Set larger code cache with -XX:ReservedCodeCacheSize=
#   JVM is running with Unscaled Compressed Oops mode in which the Java heap is
#     placed in the first 4GB address space. The Java Heap base address is the
#     maximum limit for the native heap growth. Please use -XX:HeapBaseMinAddress
#     to set the Java Heap base and to place the Java Heap above 4GB virtual address.
# This output file may be truncated or incomplete.
#
#  Out of Memory Error (t:/workspace/open/src/hotspot/share/memory/arena.cpp:197), pid=11084, tid=9132
#
# JRE version: Java(TM) SE Runtime Environment (12.0.2+10) (build 12.0.2+10)
# Java VM: Java HotSpot(TM) 64-Bit Server VM (12.0.2+10, mixed mode, sharing, tiered, compressed oops, g1 gc, windows-amd64)
# No core dump will be written. Minidumps are not enabled by default on client versions of Windows
#

---------------  S U M M A R Y ------------

Command Line: -agentlib:jdwp=transport=dt_socket,address=127.0.0.1:59649,suspend=y,server=n -ea -Didea.test.cyclic.buffer.size=1048576 -javaagent:C:\Users\Martin\AppData\Local\JetBrains\IntelliJIdea2020.1\captureAgent\debugger-agent.jar -Dfile.encoding=UTF-8 com.intellij.rt.junit.JUnitStarter -ideVersion5 -junit5 com.example.english.controller.ContentControllerTests,getContent_whenValidCategoryNameToBeMapped_shouldReturnContent

Host: Intel(R) Core(TM) i3-6006U CPU @ 2.00GHz, 4 cores, 7G,  Windows 10 , 64 bit Build 18362 (10.0.18362.959)
Time: Sat Aug  1 22:17:50 2020 FLE Daylight Time elapsed time: 29 seconds (0d 0h 0m 29s)

---------------  T H R E A D  ---------------

Current thread (0x0000026d01ef9800):  JavaThread "C2 CompilerThread1" daemon [_thread_in_native, id=9132, stack(0x000000d7be900000,0x000000d7bea00000)]


Current CompileTask:
C2:  29013 4276       4       jdk.internal.loader.ClassLoaders$AppClassLoader::defineOrCheckPackage (8 bytes)

Stack: [0x000000d7be900000,0x000000d7bea00000]
Native frames: (J=compiled Java code, j=interpreted, Vv=VM code, C=native code)
V  [jvm.dll+0x63aa2a]
V  [jvm.dll+0x78ce1e]
V  [jvm.dll+0x78e4c1]
V  [jvm.dll+0x78eb13]
V  [jvm.dll+0x2627e8]
V  [jvm.dll+0xc55cc]
V  [jvm.dll+0xc5b4c]
V  [jvm.dll+0x37a677]
V  [jvm.dll+0x1aef8b]
V  [jvm.dll+0x21c312]
V  [jvm.dll+0x21b3da]
V  [jvm.dll+0x199a20]
V  [jvm.dll+0x22a744]
V  [jvm.dll+0x228d98]
V  [jvm.dll+0x7512a0]
V  [jvm.dll+0x74a2c8]
V  [jvm.dll+0x639b16]
C  [ucrtbase.dll+0x20e82]
C  [KERNEL32.DLL+0x17bd4]
C  [ntdll.dll+0x6ce51]


---------------  P R O C E S S  ---------------

Threads class SMR info:
_java_thread_list=0x0000026d097d3670, length=14, elements={
0x0000026d5ff55800, 0x0000026d7e2ed800, 0x0000026d7e2ef800, 0x0000026d7e30f000,
0x0000026d7e310000, 0x0000026d7e311000, 0x0000026d7e314800, 0x0000026d7e33e000,
0x0000026d7eec6000, 0x0000026d7ef4b000, 0x0000026d7eefe800, 0x0000026d7ef08000,
0x0000026d7f437800, 0x0000026d01ef9800
}

Java Threads: ( => current thread )
  0x0000026d5ff55800 JavaThread "main" [_thread_in_native, id=6816, stack(0x000000d7bd300000,0x000000d7bd400000)]
  0x0000026d7e2ed800 JavaThread "Reference Handler" daemon [_thread_blocked, id=2904, stack(0x000000d7bda00000,0x000000d7bdb00000)]
  0x0000026d7e2ef800 JavaThread "Finalizer" daemon [_thread_blocked, id=9984, stack(0x000000d7bdb00000,0x000000d7bdc00000)]
  0x0000026d7e30f000 JavaThread "Signal Dispatcher" daemon [_thread_blocked, id=17964, stack(0x000000d7bdc00000,0x000000d7bdd00000)]
  0x0000026d7e310000 JavaThread "Attach Listener" daemon [_thread_blocked, id=15884, stack(0x000000d7bdd00000,0x000000d7bde00000)]
  0x0000026d7e311000 JavaThread "C2 CompilerThread0" daemon [_thread_blocked, id=17904, stack(0x000000d7bde00000,0x000000d7bdf00000)]
  0x0000026d7e314800 JavaThread "C1 CompilerThread0" daemon [_thread_blocked, id=11692, stack(0x000000d7bdf00000,0x000000d7be000000)]
  0x0000026d7e33e000 JavaThread "Sweeper thread" daemon [_thread_blocked, id=10656, stack(0x000000d7be000000,0x000000d7be100000)]
  0x0000026d7eec6000 JavaThread "Common-Cleaner" daemon [_thread_blocked, id=17676, stack(0x000000d7be100000,0x000000d7be200000)]
  0x0000026d7ef4b000 JavaThread "JDWP Transport Listener: dt_socket" daemon [_thread_blocked, id=10276, stack(0x000000d7be200000,0x000000d7be300000)]
  0x0000026d7eefe800 JavaThread "JDWP Event Helper Thread" daemon [_thread_blocked, id=16328, stack(0x000000d7be300000,0x000000d7be400000)]
  0x0000026d7ef08000 JavaThread "JDWP Command Reader" daemon [_thread_in_native, id=16000, stack(0x000000d7be400000,0x000000d7be500000)]
  0x0000026d7f437800 JavaThread "Service Thread" daemon [_thread_blocked, id=17444, stack(0x000000d7be700000,0x000000d7be800000)]
=>0x0000026d01ef9800 JavaThread "C2 CompilerThread1" daemon [_thread_in_native, id=9132, stack(0x000000d7be900000,0x000000d7bea00000)]

Other Threads:
  0x0000026d7e2ea800 VMThread "VM Thread" [stack: 0x000000d7bd900000,0x000000d7bda00000] [id=15900]
  0x0000026d7f43a800 WatcherThread [stack: 0x000000d7be800000,0x000000d7be900000] [id=332]
  0x0000026d5ff98000 GCTaskThread "GC Thread#0" [stack: 0x000000d7bd400000,0x000000d7bd500000] [id=12932]
  0x0000026d7f30c800 GCTaskThread "GC Thread#1" [stack: 0x000000d7be500000,0x000000d7be600000] [id=12684]
  0x0000026d7f340000 GCTaskThread "GC Thread#2" [stack: 0x000000d7be600000,0x000000d7be700000] [id=18192]
  0x0000026d7f687800 GCTaskThread "GC Thread#3" [stack: 0x000000d7bea00000,0x000000d7beb00000] [id=8708]
  0x0000026d5ffa6800 ConcurrentGCThread "G1 Main Marker" [stack: 0x000000d7bd500000,0x000000d7bd600000] [id=17712]
  0x0000026d5ffa8000 ConcurrentGCThread "G1 Conc#0" [stack: 0x000000d7bd600000,0x000000d7bd700000] [id=11896]
  0x0000026d6000d800 ConcurrentGCThread "G1 Refine#0" [stack: 0x000000d7bd700000,0x000000d7bd800000] [id=10648]
  0x0000026d7e168800 ConcurrentGCThread "G1 Young RemSet Sampling" [stack: 0x000000d7bd800000,0x000000d7bd900000] [id=18364]

Threads with active compile tasks:
C2 CompilerThread1  4276       4       jdk.internal.loader.ClassLoaders$AppClassLoader::defineOrCheckPackage (8 bytes)

VM state:not at safepoint (normal execution)

VM Mutex/Monitor currently owned by a thread: None

Heap address: 0x0000000082000000, size: 2016 MB, Compressed Oops mode: 32-bit
Narrow klass base: 0x0000000800000000, Narrow klass shift: 3
Compressed class space size: 1073741824 Address: 0x0000000801190000

Heap:
 garbage-first heap   total 51200K, used 30839K [0x0000000082000000, 0x0000000100000000)
  region size 1024K, 12 young (12288K), 2 survivors (2048K)
 Metaspace       used 39878K, capacity 41064K, committed 41420K, reserved 1085440K
  class space    used 5316K, capacity 5780K, committed 5888K, reserved 1048576K
Heap Regions: E=young(eden), S=young(survivor), O=old, HS=humongous(starts), HC=humongous(continues), CS=collection set, F=free, A=archive, TAMS=top-at-mark-start (previous, next)
|   0|0x0000000082000000, 0x0000000082100000, 0x0000000082100000|100%|HS|  |TAMS 0x0000000082100000, 0x0000000082000000| Complete 
|   1|0x0000000082100000, 0x0000000082200000, 0x0000000082200000|100%| O|  |TAMS 0x0000000082200000, 0x0000000082100000| Untracked 
|   2|0x0000000082200000, 0x0000000082300000, 0x0000000082300000|100%| O|  |TAMS 0x0000000082300000, 0x0000000082200000| Untracked 
|   3|0x0000000082300000, 0x0000000082400000, 0x0000000082400000|100%| O|  |TAMS 0x0000000082400000, 0x0000000082300000| Untracked 
|   4|0x0000000082400000, 0x0000000082500000, 0x0000000082500000|100%| O|  |TAMS 0x0000000082500000, 0x0000000082400000| Untracked 
|   5|0x0000000082500000, 0x0000000082600000, 0x0000000082600000|100%| O|  |TAMS 0x0000000082600000, 0x0000000082500000| Untracked 
|   6|0x0000000082600000, 0x0000000082700000, 0x0000000082700000|100%| O|  |TAMS 0x0000000082700000, 0x0000000082600000| Untracked 
|   7|0x0000000082700000, 0x0000000082800000, 0x0000000082800000|100%| O|  |TAMS 0x0000000082800000, 0x0000000082700000| Untracked 
|   8|0x0000000082800000, 0x0000000082900000, 0x0000000082900000|100%| O|  |TAMS 0x0000000082900000, 0x0000000082800000| Untracked 
|   9|0x0000000082900000, 0x0000000082a00000, 0x0000000082a00000|100%| O|  |TAMS 0x0000000082a00000, 0x0000000082900000| Untracked 
|  10|0x0000000082a00000, 0x0000000082a46e00, 0x0000000082b00000| 27%| O|  |TAMS 0x0000000082a46e00, 0x0000000082a00000| Untracked 
|  11|0x0000000082b00000, 0x0000000082c00000, 0x0000000082c00000|100%| O|  |TAMS 0x0000000082c00000, 0x0000000082b00000| Untracked 
|  12|0x0000000082c00000, 0x0000000082d00000, 0x0000000082d00000|100%| O|  |TAMS 0x0000000082d00000, 0x0000000082c00000| Untracked 
|  13|0x0000000082d00000, 0x0000000082e00000, 0x0000000082e00000|100%| O|  |TAMS 0x0000000082e00000, 0x0000000082d00000| Untracked 
|  14|0x0000000082e00000, 0x0000000082f00000, 0x0000000082f00000|100%| O|  |TAMS 0x0000000082f00000, 0x0000000082e00000| Untracked 
|  15|0x0000000082f00000, 0x0000000083000000, 0x0000000083000000|100%| O|  |TAMS 0x0000000083000000, 0x0000000082f00000| Untracked 
|  16|0x0000000083000000, 0x0000000083100000, 0x0000000083100000|100%| O|  |TAMS 0x0000000083100000, 0x0000000083000000| Untracked 
|  17|0x0000000083100000, 0x0000000083200000, 0x0000000083200000|100%| O|  |TAMS 0x0000000083200000, 0x0000000083100000| Untracked 
|  18|0x0000000083200000, 0x0000000083300000, 0x0000000083300000|100%| O|  |TAMS 0x0000000083220c00, 0x0000000083200000| Untracked 
|  19|0x0000000083300000, 0x0000000083400000, 0x0000000083400000|100%| O|  |TAMS 0x0000000083300000, 0x0000000083300000| Untracked 
|  20|0x0000000083400000, 0x000000008345f800, 0x0000000083500000| 37%| O|  |TAMS 0x0000000083400000, 0x0000000083400000| Untracked 
|  21|0x0000000083500000, 0x0000000083500000, 0x0000000083600000|  0%| F|  |TAMS 0x0000000083500000, 0x0000000083500000| Untracked 
|  22|0x0000000083600000, 0x0000000083600000, 0x0000000083700000|  0%| F|  |TAMS 0x0000000083600000, 0x0000000083600000| Untracked 
|  23|0x0000000083700000, 0x0000000083700000, 0x0000000083800000|  0%| F|  |TAMS 0x0000000083700000, 0x0000000083700000| Untracked 
|  24|0x0000000083800000, 0x0000000083800000, 0x0000000083900000|  0%| F|  |TAMS 0x0000000083800000, 0x0000000083800000| Untracked 
|  25|0x0000000083900000, 0x0000000083900000, 0x0000000083a00000|  0%| F|  |TAMS 0x0000000083900000, 0x0000000083900000| Untracked 
|  26|0x0000000083a00000, 0x0000000083a777c8, 0x0000000083b00000| 46%| S|CS|TAMS 0x0000000083a00000, 0x0000000083a00000| Complete 
|  27|0x0000000083b00000, 0x0000000083c00000, 0x0000000083c00000|100%| S|CS|TAMS 0x0000000083b00000, 0x0000000083b00000| Complete 
|  28|0x0000000083c00000, 0x0000000083c00000, 0x0000000083d00000|  0%| F|  |TAMS 0x0000000083c00000, 0x0000000083c00000| Untracked 
|  29|0x0000000083d00000, 0x0000000083d00000, 0x0000000083e00000|  0%| F|  |TAMS 0x0000000083d00000, 0x0000000083d00000| Untracked 
|  30|0x0000000083e00000, 0x0000000083e00000, 0x0000000083f00000|  0%| F|  |TAMS 0x0000000083e00000, 0x0000000083e00000| Untracked 
|  31|0x0000000083f00000, 0x0000000083f00000, 0x0000000084000000|  0%| F|  |TAMS 0x0000000083f00000, 0x0000000083f00000| Untracked 
|  32|0x0000000084000000, 0x0000000084000000, 0x0000000084100000|  0%| F|  |TAMS 0x0000000084000000, 0x0000000084000000| Untracked 
|  33|0x0000000084100000, 0x0000000084100000, 0x0000000084200000|  0%| F|  |TAMS 0x0000000084100000, 0x0000000084100000| Untracked 
|  34|0x0000000084200000, 0x0000000084200000, 0x0000000084300000|  0%| F|  |TAMS 0x0000000084200000, 0x0000000084200000| Untracked 
|  35|0x0000000084300000, 0x0000000084300000, 0x0000000084400000|  0%| F|  |TAMS 0x0000000084300000, 0x0000000084300000| Untracked 
|  36|0x0000000084400000, 0x0000000084400000, 0x0000000084500000|  0%| F|  |TAMS 0x0000000084400000, 0x0000000084400000| Untracked 
|  37|0x0000000084500000, 0x0000000084500000, 0x0000000084600000|  0%| F|  |TAMS 0x0000000084500000, 0x0000000084500000| Untracked 
|  38|0x0000000084600000, 0x0000000084600000, 0x0000000084700000|  0%| F|  |TAMS 0x0000000084600000, 0x0000000084600000| Untracked 
|  39|0x0000000084700000, 0x0000000084761d80, 0x0000000084800000| 38%| E|  |TAMS 0x0000000084700000, 0x0000000084700000| Complete 
|  40|0x0000000084800000, 0x0000000084900000, 0x0000000084900000|100%| E|CS|TAMS 0x0000000084800000, 0x0000000084800000| Complete 
|  41|0x0000000084900000, 0x0000000084a00000, 0x0000000084a00000|100%| E|CS|TAMS 0x0000000084900000, 0x0000000084900000| Complete 
|  42|0x0000000084a00000, 0x0000000084b00000, 0x0000000084b00000|100%| E|CS|TAMS 0x0000000084a00000, 0x0000000084a00000| Complete 
|  43|0x0000000084b00000, 0x0000000084c00000, 0x0000000084c00000|100%| E|CS|TAMS 0x0000000084b00000, 0x0000000084b00000| Complete 
|  44|0x0000000084c00000, 0x0000000084d00000, 0x0000000084d00000|100%| E|CS|TAMS 0x0000000084c00000, 0x0000000084c00000| Complete 
|  45|0x0000000084d00000, 0x0000000084e00000, 0x0000000084e00000|100%| E|CS|TAMS 0x0000000084d00000, 0x0000000084d00000| Complete 
| 107|0x0000000088b00000, 0x0000000088c00000, 0x0000000088c00000|100%| E|CS|TAMS 0x0000000088b00000, 0x0000000088b00000| Complete 
| 108|0x0000000088c00000, 0x0000000088d00000, 0x0000000088d00000|100%| E|CS|TAMS 0x0000000088c00000, 0x0000000088c00000| Complete 
| 109|0x0000000088d00000, 0x0000000088e00000, 0x0000000088e00000|100%| E|CS|TAMS 0x0000000088d00000, 0x0000000088d00000| Complete 
| 125|0x0000000089d00000, 0x0000000089e00000, 0x0000000089e00000|100%| E|CS|TAMS 0x0000000089d00000, 0x0000000089d00000| Complete 

Card table byte_map: [0x0000026d77730000,0x0000026d77b20000] _byte_map_base: 0x0000026d77320000

Marking Bits (Prev, Next): (CMBitMap*) 0x0000026d5ff99db8, (CMBitMap*) 0x0000026d5ff99df8
 Prev Bits: [0x0000026d77f10000, 0x0000026d79e90000)
 Next Bits: [0x0000026d79e90000, 0x0000026d7be10000)

Polling page: 0x0000026d5f710000

Metaspace:

Usage:
  Non-class:     34.46 MB capacity,    33.77 MB ( 98%) used,   566.01 KB (  2%) free+waste,   142.19 KB ( <1%) overhead. 
      Class:      5.64 MB capacity,     5.19 MB ( 92%) used,   394.24 KB (  7%) free+waste,    67.25 KB (  1%) overhead. 
       Both:     40.10 MB capacity,    38.96 MB ( 97%) used,   960.25 KB (  2%) free+waste,   209.44 KB ( <1%) overhead. 

Virtual space:
  Non-class space:       36.00 MB reserved,      34.70 MB ( 96%) committed 
      Class space:        1.00 GB reserved,       5.75 MB ( <1%) committed 
             Both:        1.04 GB reserved,      40.45 MB (  4%) committed 

Chunk freelists:
   Non-Class:  7.00 KB
       Class:  1.50 KB
        Both:  8.50 KB

CodeHeap 'non-profiled nmethods': size=120064Kb used=2727Kb max_used=2727Kb free=117336Kb
 bounds [0x0000026d6fe00000, 0x0000026d700b0000, 0x0000026d77340000]
CodeHeap 'profiled nmethods': size=120000Kb used=9856Kb max_used=9856Kb free=110144Kb
 bounds [0x0000026d688d0000, 0x0000026d69280000, 0x0000026d6fe00000]
CodeHeap 'non-nmethods': size=5696Kb used=1267Kb max_used=1345Kb free=4428Kb
 bounds [0x0000026d68340000, 0x0000026d685b0000, 0x0000026d688d0000]
 total_blobs=5852 nmethods=3977 adapters=428
 compilation: enabled
              stopped_count=0, restarted_count=0
 full_count=0

Compilation events (10 events):
Event: 28.824 Thread 0x0000026d7e314800 4300       3       org.apache.logging.log4j.spi.AbstractLogger::isEnabled (9 bytes)
Event: 28.824 Thread 0x0000026d7e314800 nmethod 4300 0x0000026d69274010 code [0x0000026d692741e0, 0x0000026d69274470]
Event: 28.824 Thread 0x0000026d7e314800 4301       3       org.apache.logging.slf4j.SLF4JLogger::isEnabled (7 bytes)
Event: 28.825 Thread 0x0000026d7e314800 nmethod 4301 0x0000026d69274510 code [0x0000026d692746e0, 0x0000026d692748d0]
Event: 28.825 Thread 0x0000026d7e314800 4302       3       org.apache.logging.slf4j.SLF4JLogger::isEnabledFor (118 bytes)
Event: 28.826 Thread 0x0000026d7e314800 nmethod 4302 0x0000026d69274990 code [0x0000026d69274be0, 0x0000026d69275470]
Event: 28.828 Thread 0x0000026d7e314800 4303       3       java.lang.PublicMethods$Key::equals (52 bytes)
Event: 28.829 Thread 0x0000026d7e314800 nmethod 4303 0x0000026d69275710 code [0x0000026d69275900, 0x0000026d69275e30]
Event: 28.850 Thread 0x0000026d7e314800 4304       3       org.jboss.logging.Log4j2Logger::isEnabled (12 bytes)
Event: 28.851 Thread 0x0000026d7e314800 nmethod 4304 0x0000026d69275f10 code [0x0000026d69276100, 0x0000026d692765c0]

GC Heap History (10 events):
Event: 21.532 GC heap before
{Heap before GC invocations=11 (full 0):
 garbage-first heap   total 51200K, used 40621K [0x0000000082000000, 0x0000000100000000)
  region size 1024K, 26 young (26624K), 3 survivors (3072K)
 Metaspace       used 29573K, capacity 30673K, committed 30976K, reserved 1075200K
  class space    used 3864K, capacity 4282K, committed 4352K, reserved 1048576K
}
Event: 21.549 GC heap after
{Heap after GC invocations=12 (full 0):
 garbage-first heap   total 51200K, used 18008K [0x0000000082000000, 0x0000000100000000)
  region size 1024K, 3 young (3072K), 3 survivors (3072K)
 Metaspace       used 29573K, capacity 30673K, committed 30976K, reserved 1075200K
  class space    used 3864K, capacity 4282K, committed 4352K, reserved 1048576K
}
Event: 23.235 GC heap before
{Heap before GC invocations=12 (full 0):
 garbage-first heap   total 51200K, used 40536K [0x0000000082000000, 0x0000000100000000)
  region size 1024K, 25 young (25600K), 3 survivors (3072K)
 Metaspace       used 30294K, capacity 31437K, committed 31616K, reserved 1077248K
  class space    used 3968K, capacity 4408K, committed 4480K, reserved 1048576K
}
Event: 23.253 GC heap after
{Heap after GC invocations=13 (full 0):
 garbage-first heap   total 51200K, used 18891K [0x0000000082000000, 0x0000000100000000)
  region size 1024K, 3 young (3072K), 3 survivors (3072K)
 Metaspace       used 30294K, capacity 31437K, committed 31616K, reserved 1077248K
  class space    used 3968K, capacity 4408K, committed 4480K, reserved 1048576K
}
Event: 24.896 GC heap before
{Heap before GC invocations=13 (full 0):
 garbage-first heap   total 51200K, used 39371K [0x0000000082000000, 0x0000000100000000)
  region size 1024K, 24 young (24576K), 3 survivors (3072K)
 Metaspace       used 33291K, capacity 34371K, committed 34432K, reserved 1079296K
  class space    used 4277K, capacity 4725K, committed 4736K, reserved 1048576K
}
Event: 24.911 GC heap after
{Heap after GC invocations=14 (full 0):
 garbage-first heap   total 51200K, used 20312K [0x0000000082000000, 0x0000000100000000)
  region size 1024K, 3 young (3072K), 3 survivors (3072K)
 Metaspace       used 33291K, capacity 34371K, committed 34432K, reserved 1079296K
  class space    used 4277K, capacity 4725K, committed 4736K, reserved 1048576K
}
Event: 25.999 GC heap before
{Heap before GC invocations=14 (full 0):
 garbage-first heap   total 51200K, used 35672K [0x0000000082000000, 0x0000000100000000)
  region size 1024K, 19 young (19456K), 3 survivors (3072K)
 Metaspace       used 34764K, capacity 35819K, committed 35840K, reserved 1081344K
  class space    used 4429K, capacity 4864K, committed 4864K, reserved 1048576K
}
Event: 26.010 GC heap after
{Heap after GC invocations=15 (full 0):
 garbage-first heap   total 51200K, used 21057K [0x0000000082000000, 0x0000000100000000)
  region size 1024K, 3 young (3072K), 3 survivors (3072K)
 Metaspace       used 34764K, capacity 35819K, committed 35840K, reserved 1081344K
  class space    used 4429K, capacity 4864K, committed 4864K, reserved 1048576K
}
Event: 28.182 GC heap before
{Heap before GC invocations=16 (full 0):
 garbage-first heap   total 51200K, used 39489K [0x0000000082000000, 0x0000000100000000)
  region size 1024K, 22 young (22528K), 3 survivors (3072K)
 Metaspace       used 38017K, capacity 39156K, committed 39244K, reserved 1083392K
  class space    used 4978K, capacity 5421K, committed 5504K, reserved 1048576K
}
Event: 28.195 GC heap after
{Heap after GC invocations=17 (full 0):
 garbage-first heap   total 51200K, used 21623K [0x0000000082000000, 0x0000000100000000)
  region size 1024K, 2 young (2048K), 2 survivors (2048K)
 Metaspace       used 38017K, capacity 39156K, committed 39244K, reserved 1083392K
  class space    used 4978K, capacity 5421K, committed 5504K, reserved 1048576K
}

Deoptimization events (10 events):
Event: 25.375 Thread 0x0000026d5ff55800 Uncommon trap: reason=class_check action=maybe_recompile pc=0x0000026d6ff5650c method=java.lang.reflect.Array.newInstance(Ljava/lang/Class;I)Ljava/lang/Object; @ 2 c2
Event: 25.376 Thread 0x0000026d5ff55800 Uncommon trap: reason=unstable_if action=reinterpret pc=0x0000026d6fe7ba10 method=org.springframework.boot.context.properties.source.ConfigurationPropertyName$Elements.charAt(II)C @ 13 c2
Event: 25.398 Thread 0x0000026d5ff55800 Uncommon trap: reason=class_check action=maybe_recompile pc=0x0000026d70035a34 method=org.springframework.beans.factory.support.AbstractBeanFactory.isTypeMatch(Ljava/lang/String;Lorg/springframework/core/ResolvableType;Z)Z @ 53 c2
Event: 25.452 Thread 0x0000026d5ff55800 Uncommon trap: reason=class_check action=maybe_recompile pc=0x0000026d6ff5650c method=java.lang.reflect.Array.newInstance(Ljava/lang/Class;I)Ljava/lang/Object; @ 2 c2
Event: 25.453 Thread 0x0000026d5ff55800 Uncommon trap: reason=class_check action=maybe_recompile pc=0x0000026d6ff5650c method=java.lang.reflect.Array.newInstance(Ljava/lang/Class;I)Ljava/lang/Object; @ 2 c2
Event: 25.676 Thread 0x0000026d5ff55800 Uncommon trap: reason=unstable_if action=reinterpret pc=0x0000026d6fef4398 method=java.util.concurrent.ConcurrentHashMap.get(Ljava/lang/Object;)Ljava/lang/Object; @ 152 c2
Event: 25.986 Thread 0x0000026d5ff55800 Uncommon trap: reason=unstable_if action=reinterpret pc=0x0000026d6fea0d10 method=java.util.zip.ZipFile$Source.getEntryPos([BZ)I @ 145 c2
Event: 25.986 Thread 0x0000026d5ff55800 Uncommon trap: reason=unstable_if action=reinterpret pc=0x0000026d6ff213d4 method=java.net.URL.<init>(Ljava/net/URL;Ljava/lang/String;Ljava/net/URLStreamHandler;)V @ 57 c2
Event: 25.986 Thread 0x0000026d5ff55800 Uncommon trap: reason=unstable_if action=reinterpret pc=0x0000026d6fec985c method=java.net.URLStreamHandler.parseURL(Ljava/net/URL;Ljava/lang/String;II)V @ 57 c2
Event: 28.119 Thread 0x0000026d5ff55800 Uncommon trap: reason=unstable_if action=reinterpret pc=0x0000026d7004add0 method=java.lang.ClassLoader.getClassLoadingLock(Ljava/lang/String;)Ljava/lang/Object; @ 6 c2

Classes redefined (0 events):
No events

Internal exceptions (10 events):
Event: 25.771 Thread 0x0000026d5ff55800 Exception <a 'java/lang/ClassNotFoundException'{0x00000000845c02f0}: org/springframework/beans/factory/BeanClassLoaderAwareCustomizer> (0x00000000845c02f0) thrown at [t:/workspace/open/src/hotspot/share/classfile/systemDictionary.cpp, line 235]
Event: 25.774 Thread 0x0000026d5ff55800 Exception <a 'java/lang/ClassNotFoundException'{0x00000000845d4398}: org/springframework/beans/factory/AwareCustomizer> (0x00000000845d4398) thrown at [t:/workspace/open/src/hotspot/share/classfile/systemDictionary.cpp, line 235]
Event: 25.775 Thread 0x0000026d5ff55800 Exception <a 'java/lang/ClassNotFoundException'{0x00000000845e9cb0}: org/springframework/beans/factory/BeanFactoryAwareCustomizer> (0x00000000845e9cb0) thrown at [t:/workspace/open/src/hotspot/share/classfile/systemDictionary.cpp, line 235]
Event: 25.777 Thread 0x0000026d5ff55800 Exception <a 'java/lang/ClassNotFoundException'{0x00000000845fe230}: org/springframework/beans/factory/AwareCustomizer> (0x00000000845fe230) thrown at [t:/workspace/open/src/hotspot/share/classfile/systemDictionary.cpp, line 235]
Event: 25.778 Thread 0x0000026d5ff55800 Exception <a 'java/lang/ClassNotFoundException'{0x00000000844130c0}: org/springframework/beans/factory/BeanNameAwareCustomizer> (0x00000000844130c0) thrown at [t:/workspace/open/src/hotspot/share/classfile/systemDictionary.cpp, line 235]
Event: 25.780 Thread 0x0000026d5ff55800 Exception <a 'java/lang/ClassNotFoundException'{0x0000000084426e78}: org/springframework/beans/factory/AwareCustomizer> (0x0000000084426e78) thrown at [t:/workspace/open/src/hotspot/share/classfile/systemDictionary.cpp, line 235]
Event: 25.781 Thread 0x0000026d5ff55800 Exception <a 'java/lang/ClassNotFoundException'{0x000000008443c790}: org/springframework/beans/factory/InitializingBeanCustomizer> (0x000000008443c790) thrown at [t:/workspace/open/src/hotspot/share/classfile/systemDictionary.cpp, line 235]
Event: 25.782 Thread 0x0000026d5ff55800 Exception <a 'java/lang/ClassNotFoundException'{0x0000000084451ed8}: org/springframework/beans/factory/DisposableBeanCustomizer> (0x0000000084451ed8) thrown at [t:/workspace/open/src/hotspot/share/classfile/systemDictionary.cpp, line 235]
Event: 25.784 Thread 0x0000026d5ff55800 Exception <a 'java/lang/ClassNotFoundException'{0x0000000084468830}: org/springframework/orm/jpa/EntityManagerFactoryInfoCustomizer> (0x0000000084468830) thrown at [t:/workspace/open/src/hotspot/share/classfile/systemDictionary.cpp, line 235]
Event: 25.787 Thread 0x0000026d5ff55800 Exception <a 'java/lang/ClassNotFoundException'{0x0000000084489370}: org/springframework/dao/support/PersistenceExceptionTranslatorCustomizer> (0x0000000084489370) thrown at [t:/workspace/open/src/hotspot/share/classfile/systemDictionary.cpp, line 235]

Events (10 events):
Event: 28.834 loading class org/hibernate/internal/CoreMessageLogger_$logger_en
Event: 28.834 loading class org/hibernate/internal/CoreMessageLogger_$logger_en done
Event: 28.834 Thread 0x0000026d5ff55800 DEOPT PACKING pc=0x0000026d6ff9d9f4 sp=0x000000d7bd3fa920
Event: 28.834 Thread 0x0000026d5ff55800 DEOPT UNPACKING pc=0x0000026d6837ef4e sp=0x000000d7bd3f9db0 mode 1
Event: 28.836 loading class org/hibernate/engine/jdbc/dialect/internal/StandardDialectResolver
Event: 28.836 loading class org/hibernate/engine/jdbc/dialect/internal/StandardDialectResolver done
Event: 28.842 loading class org/hibernate/engine/jdbc/dialect/spi/DialectResolutionInfo
Event: 28.842 loading class org/hibernate/engine/jdbc/dialect/spi/DialectResolutionInfo done
Event: 28.850 loading class org/hibernate/service/UnknownUnwrapTypeException
Event: 28.850 loading class org/hibernate/service/UnknownUnwrapTypeException done


Dynamic libraries:
0x00007ff623360000 - 0x00007ff62336f000 	D:\Java\jdk-12.0.2\bin\java.exe
0x00007ffaa3a00000 - 0x00007ffaa3bf0000 	C:\Windows\SYSTEM32\ntdll.dll
0x00007ffa7bf60000 - 0x00007ffa7bf73000 	C:\Program Files\AVAST Software\Avast\aswhook.dll
0x00007ffaa1ae0000 - 0x00007ffaa1b92000 	C:\Windows\System32\KERNEL32.DLL
0x00007ffaa1390000 - 0x00007ffaa1634000 	C:\Windows\System32\KERNELBASE.dll
0x00007ffaa19b0000 - 0x00007ffaa1aaa000 	C:\Windows\System32\ucrtbase.dll
0x00007ffa96f70000 - 0x00007ffa96f88000 	D:\Java\jdk-12.0.2\bin\jli.dll
0x00007ffaa3750000 - 0x00007ffaa37f3000 	C:\Windows\System32\ADVAPI32.dll
0x00007ffaa1dc0000 - 0x00007ffaa1e5e000 	C:\Windows\System32\msvcrt.dll
0x00007ffaa1ba0000 - 0x00007ffaa1c37000 	C:\Windows\System32\sechost.dll
0x00007ffaa3630000 - 0x00007ffaa3750000 	C:\Windows\System32\RPCRT4.dll
0x00007ffaa2790000 - 0x00007ffaa2924000 	C:\Windows\System32\USER32.dll
0x00007ffaa0b30000 - 0x00007ffaa0b51000 	C:\Windows\System32\win32u.dll
0x00007ffaa1ab0000 - 0x00007ffaa1ad6000 	C:\Windows\System32\GDI32.dll
0x00007ffaa1810000 - 0x00007ffaa19a6000 	C:\Windows\System32\gdi32full.dll
0x00007ffaa12f0000 - 0x00007ffaa138e000 	C:\Windows\System32\msvcp_win.dll
0x00007ffa93b80000 - 0x00007ffa93b96000 	D:\Java\jdk-12.0.2\bin\VCRUNTIME140.dll
0x00007ffa8f3b0000 - 0x00007ffa8f634000 	C:\Windows\WinSxS\amd64_microsoft.windows.common-controls_6595b64144ccf1df_6.0.18362.959_none_e6c7bbbf130c62bb\COMCTL32.dll
0x00007ffaa3180000 - 0x00007ffaa34b5000 	C:\Windows\System32\combase.dll
0x00007ffaa1790000 - 0x00007ffaa1810000 	C:\Windows\System32\bcryptPrimitives.dll
0x00007ffa9b6d0000 - 0x00007ffa9b6da000 	C:\Windows\SYSTEM32\VERSION.dll
0x00007ffaa2070000 - 0x00007ffaa209e000 	C:\Windows\System32\IMM32.DLL
0x00007ffa847e0000 - 0x00007ffa8488a000 	D:\Java\jdk-12.0.2\bin\msvcp140.dll
0x00007ffa385d0000 - 0x00007ffa39147000 	D:\Java\jdk-12.0.2\bin\server\jvm.dll
0x00007ffaa3620000 - 0x00007ffaa3628000 	C:\Windows\System32\PSAPI.DLL
0x00007ffa8d500000 - 0x00007ffa8d509000 	C:\Windows\SYSTEM32\WSOCK32.dll
0x00007ffaa3110000 - 0x00007ffaa317f000 	C:\Windows\System32\WS2_32.dll
0x00007ffa9d1b0000 - 0x00007ffa9d1d4000 	C:\Windows\SYSTEM32\WINMM.dll
0x00007ffa9d180000 - 0x00007ffa9d1ad000 	C:\Windows\SYSTEM32\WINMMBASE.dll
0x00007ffaa0ae0000 - 0x00007ffaa0b2a000 	C:\Windows\System32\cfgmgr32.dll
0x00007ffaa08c0000 - 0x00007ffaa08d1000 	C:\Windows\System32\kernel.appcore.dll
0x00007ffa8e4b0000 - 0x00007ffa8e4c1000 	D:\Java\jdk-12.0.2\bin\verify.dll
0x00007ffa9f1d0000 - 0x00007ffa9f3c4000 	C:\Windows\SYSTEM32\DBGHELP.DLL
0x00007ffa93d80000 - 0x00007ffa93daa000 	C:\Windows\SYSTEM32\dbgcore.DLL
0x00007ffa8e480000 - 0x00007ffa8e4a6000 	D:\Java\jdk-12.0.2\bin\java.dll
0x00007ffa88050000 - 0x00007ffa88088000 	D:\Java\jdk-12.0.2\bin\jdwp.dll
0x00007ffa8e4e0000 - 0x00007ffa8e4ee000 	D:\Java\jdk-12.0.2\bin\instrument.dll
0x00007ffa88880000 - 0x00007ffa88897000 	D:\Java\jdk-12.0.2\bin\zip.dll
0x00007ffa888d0000 - 0x00007ffa888da000 	D:\Java\jdk-12.0.2\bin\jimage.dll
0x00007ffaa20a0000 - 0x00007ffaa2786000 	C:\Windows\System32\SHELL32.dll
0x00007ffaa1c40000 - 0x00007ffaa1ce9000 	C:\Windows\System32\shcore.dll
0x00007ffaa0b60000 - 0x00007ffaa12e2000 	C:\Windows\System32\windows.storage.dll
0x00007ffaa0950000 - 0x00007ffaa0973000 	C:\Windows\System32\profapi.dll
0x00007ffaa08e0000 - 0x00007ffaa092a000 	C:\Windows\System32\powrprof.dll
0x00007ffaa08b0000 - 0x00007ffaa08c0000 	C:\Windows\System32\UMPDC.dll
0x00007ffaa1cf0000 - 0x00007ffaa1d42000 	C:\Windows\System32\shlwapi.dll
0x00007ffaa0980000 - 0x00007ffaa0997000 	C:\Windows\System32\cryptsp.dll
0x00007ffa8e4d0000 - 0x00007ffa8e4da000 	D:\Java\jdk-12.0.2\bin\dt_socket.dll
0x00007ffaa0120000 - 0x00007ffaa0187000 	C:\Windows\system32\mswsock.dll
0x00007ffa887b0000 - 0x00007ffa887c9000 	D:\Java\jdk-12.0.2\bin\net.dll
0x00007ffa96e40000 - 0x00007ffa96f30000 	C:\Windows\SYSTEM32\WINHTTP.dll
0x00007ffa916f0000 - 0x00007ffa918c6000 	C:\Windows\SYSTEM32\urlmon.dll
0x00007ffa919f0000 - 0x00007ffa91c96000 	C:\Windows\SYSTEM32\iertutil.dll
0x00007ffaa02f0000 - 0x00007ffaa02fc000 	C:\Windows\SYSTEM32\CRYPTBASE.DLL
0x00007ffa88770000 - 0x00007ffa88783000 	D:\Java\jdk-12.0.2\bin\nio.dll
0x00007ffa88820000 - 0x00007ffa88829000 	D:\Java\jdk-12.0.2\bin\management.dll
0x00007ffa88760000 - 0x00007ffa8876c000 	D:\Java\jdk-12.0.2\bin\management_ext.dll
0x00007ffa80cd0000 - 0x00007ffa80ce6000 	C:\Windows\system32\napinsp.dll
0x00007ffa80cb0000 - 0x00007ffa80cca000 	C:\Windows\system32\pnrpnsp.dll
0x00007ffa9fe80000 - 0x00007ffa9ff4b000 	C:\Windows\SYSTEM32\DNSAPI.dll
0x00007ffaa1f10000 - 0x00007ffaa1f18000 	C:\Windows\System32\NSI.dll
0x00007ffa9fe30000 - 0x00007ffa9fe6a000 	C:\Windows\SYSTEM32\IPHLPAPI.DLL
0x00007ffa80ca0000 - 0x00007ffa80cae000 	C:\Windows\System32\winrnr.dll
0x00007ffa9cd80000 - 0x00007ffa9cd9c000 	C:\Windows\system32\NLAapi.dll
0x00007ffa80c80000 - 0x00007ffa80c95000 	C:\Windows\system32\wshbth.dll
0x00007ffa8e2f0000 - 0x00007ffa8e2fa000 	C:\Windows\System32\rasadhlp.dll
0x00007ffa937f0000 - 0x00007ffa93867000 	C:\Windows\System32\fwpuclnt.dll
0x00007ffaa0a50000 - 0x00007ffaa0a76000 	C:\Windows\System32\bcrypt.dll
0x00007ffa9fc90000 - 0x00007ffa9fcc3000 	C:\Windows\system32\rsaenh.dll
0x00007ffaa07d0000 - 0x00007ffaa07f5000 	C:\Windows\SYSTEM32\USERENV.dll
0x00007ffa96810000 - 0x00007ffa96826000 	C:\Windows\SYSTEM32\dhcpcsvc6.DLL
0x00007ffa96a80000 - 0x00007ffa96a9c000 	C:\Windows\SYSTEM32\dhcpcsvc.DLL

dbghelp: loaded successfully - version: 4.0.5 - missing functions: none
symbol engine: initialized successfully - sym options: 0x614 - pdb path: .;D:\Java\jdk-12.0.2\bin;C:\Windows\SYSTEM32;C:\Program Files\AVAST Software\Avast;C:\Windows\WinSxS\amd64_microsoft.windows.common-controls_6595b64144ccf1df_6.0.18362.959_none_e6c7bbbf130c62bb;D:\Java\jdk-12.0.2\bin\server

VM Arguments:
jvm_args: -agentlib:jdwp=transport=dt_socket,address=127.0.0.1:59649,suspend=y,server=n -ea -Didea.test.cyclic.buffer.size=1048576 -javaagent:C:\Users\Martin\AppData\Local\JetBrains\IntelliJIdea2020.1\captureAgent\debugger-agent.jar -Dfile.encoding=UTF-8 
java_command: com.intellij.rt.junit.JUnitStarter -ideVersion5 -junit5 com.example.english.controller.ContentControllerTests,getContent_whenValidCategoryNameToBeMapped_shouldReturnContent
java_class_path (initial): D:\IntelliJ IDEA 2019.3.3\lib\idea_rt.jar;C:\Users\Martin\.m2\repository\org\junit\platform\junit-platform-launcher\1.5.2\junit-platform-launcher-1.5.2.jar;C:\Users\Martin\.m2\repository\org\junit\vintage\junit-vintage-engine\5.5.2\junit-vintage-engine-5.5.2.jar;C:\Users\Martin\.m2\repository\org\hamcrest\hamcrest-core\1.3\hamcrest-core-1.3.jar;D:\IntelliJ IDEA 2019.3.3\plugins\junit\lib\junit5-rt.jar;D:\IntelliJ IDEA 2019.3.3\plugins\junit\lib\junit-rt.jar;D:\Downloads\web-english-project\target\test-classes;D:\Downloads\web-english-project\target\classes;C:\Users\Martin\AppData\Roaming\JetBrains\IntelliJIdea2020.1\javascript\extLibs\http_unpkg.com_react@16_umd_react.development.js;C:\Users\Martin\AppData\Roaming\JetBrains\IntelliJIdea2020.1\javascript\extLibs\http_unpkg.com_react@^16_umd_react.production.min.js;C:\Users\Martin\AppData\Roaming\JetBrains\IntelliJIdea2020.1\javascript\extLibs\http_unpkg.com_react-dom@16.13.0_umd_react-dom.production.min.js;C:\Users\Martin\AppData\Roaming\JetBrains\IntelliJIdea2020.1\javascript\extLibs\http_unpkg.com_react-dom@16_umd_react-dom.development.js;C:\Users\Martin\AppData\Roaming\JetBrains\IntelliJIdea2020.1\javascript\extLibs\http_unpkg.com_babel-standalone@6.26.0_babel.js;C:\Users\Martin\AppData\Roaming\JetBrains\IntelliJIdea2020.1\javascript\extLibs\http_unpkg.com_babel-standalone@6_babel.js;C:\Users\Martin\AppData\Roaming\JetBrains\IntelliJIdea2020.1\javascript\extLibs\__maxcdn.bootstrapcdn.com_bootstrap_4.1.1_css_bootstrap.css;C:\Users\Martin\AppData\Roaming\JetBrains\IntelliJIdea2020.1\javascript\extLibs\__maxcdn.bootstrapcdn.com_bootstrap_4.1.1_js_bootstrap.js;C:\Users\Martin\AppData\Roaming\JetBrains\IntelliJIdea2020.1\javascript\extLibs\http_maxcdn.bootstrapcdn.com_bootstrap_4.4.1_css_bootstrap.css;C:\Users\Martin\AppData\Roaming\JetBrains\IntelliJIdea2020.1\javascript\extLibs\http_stackpath.bootstrapcdn.com_bootstrap_4.3.1_css_bootstrap.css;C:\Users\Martin\AppData\Roaming\JetBrains\Inte
Launcher Type: SUN_STANDARD

[Global flags]
     intx CICompilerCount                          = 3                                         {product} {ergonomic}
     uint ConcGCThreads                            = 1                                         {product} {ergonomic}
     uint G1ConcRefinementThreads                  = 4                                         {product} {ergonomic}
   size_t G1HeapRegionSize                         = 1048576                                   {product} {ergonomic}
    uintx GCDrainStackTargetSize                   = 64                                        {product} {ergonomic}
   size_t InitialHeapSize                          = 132120576                                 {product} {ergonomic}
   size_t MarkStackSize                            = 4194304                                   {product} {ergonomic}
   size_t MaxHeapSize                              = 2113929216                                {product} {ergonomic}
   size_t MaxNewSize                               = 1267728384                                {product} {ergonomic}
   size_t MinHeapDeltaBytes                        = 1048576                                   {product} {ergonomic}
    uintx NonNMethodCodeHeapSize                   = 5830732                                {pd product} {ergonomic}
    uintx NonProfiledCodeHeapSize                  = 122913754                              {pd product} {ergonomic}
    uintx ProfiledCodeHeapSize                     = 122913754                              {pd product} {ergonomic}
    uintx ReservedCodeCacheSize                    = 251658240                              {pd product} {ergonomic}
     bool SegmentedCodeCache                       = true                                      {product} {ergonomic}
     bool UseCompressedClassPointers               = true                                 {lp64_product} {ergonomic}
     bool UseCompressedOops                        = true                                 {lp64_product} {ergonomic}
     bool UseG1GC                                  = true                                      {product} {ergonomic}
     bool UseLargePagesIndividualAllocation        = false                                  {pd product} {ergonomic}

Logging:
Log output configuration:
 #0: stdout all=warning uptime,level,tags
 #1: stderr all=off uptime,level,tags

Environment Variables:
JAVA_HOME=D:\JavaJDK
PATH=C:\Windows\System32;D:\Javascript;D:\JDK_13.0.2\bin;D:\Git\cmd;D:\Git\cmd;C:\Program Files\MySQL\MySQL Shell 8.0\bin\;D:\Downloads\apache-maven-3.6.3-bin\apache-maven-3.6.3\bin;C:\Users\Martin\AppData\Roaming\npm;C:\Users\Martin\AppData\Local\Programs\Microsoft VS Code\bin;D:\heroku\bin
USERNAME=Martin
OS=Windows_NT
PROCESSOR_IDENTIFIER=Intel64 Family 6 Model 78 Stepping 3, GenuineIntel



---------------  S Y S T E M  ---------------

OS: Windows 10 , 64 bit Build 18362 (10.0.18362.959)

CPU:total 4 (initial active 4) (2 cores per cpu, 2 threads per core) family 6 model 78 stepping 3, cmov, cx8, fxsr, mmx, sse, sse2, sse3, ssse3, sse4.1, sse4.2, popcnt, avx, avx2, aes, clmul, erms, 3dnowpref, lzcnt, ht, tsc, tscinvbit, bmi1, bmi2, adx, fma

Memory: 4k page, system-wide physical 8056M (491M free)
TotalPageFile size 14375M (AvailPageFile size 5M)
current process WorkingSet (physical memory assigned to process): 257M, peak: 266M
current process commit charge ("private bytes"): 295M, peak: 307M

vm_info: Java HotSpot(TM) 64-Bit Server VM (12.0.2+10) for windows-amd64 JRE (12.0.2+10), built on Jul 16 2019 01:56:17 by "mach5one" with MS VC++ 15.5 (VS2017)

END.
