#
# There is insufficient memory for the Java Runtime Environment to continue.
# Native memory allocation (mmap) failed to map 132120576 bytes for Failed to commit area from 0x0000000082000000 to 0x0000000089e00000 of length 132120576.
# Possible reasons:
#   The system is out of physical RAM or swap space
#   The process is running with CompressedOops enabled, and the Java Heap may be blocking the growth of the native heap
# Possible solutions:
#   Reduce memory load on the system
#   Increase physical memory or swap space
#   Check if swap backing store is full
#   Decrease Java heap size (-Xmx/-Xms)
#   Decrease number of Java threads
#   Decrease Java thread stack sizes (-Xss)
#   Set larger code cache with -XX:ReservedCodeCacheSize=
# This output file may be truncated or incomplete.
#
#  Out of Memory Error (t:/workspace/open/src/hotspot/os/windows/os_windows.cpp:3264), pid=22176, tid=20848
#
# JRE version:  (12.0.2+10) (build )
# Java VM: Java HotSpot(TM) 64-Bit Server VM (12.0.2+10, mixed mode, sharing, tiered, compressed oops, g1 gc, windows-amd64)
# No core dump will be written. Minidumps are not enabled by default on client versions of Windows
#

---------------  S U M M A R Y ------------

Command Line: -agentlib:jdwp=transport=dt_socket,address=127.0.0.1:62158,suspend=y,server=n -XX:TieredStopAtLevel=1 -Xverify:none -Dspring.output.ansi.enabled=always -javaagent:C:\Users\Martin\AppData\Local\JetBrains\IntelliJIdea2020.1\captureAgent\debugger-agent.jar -Dfile.encoding=UTF-8 com.example.english.EnglishApplication

Host: Intel(R) Core(TM) i3-6006U CPU @ 2.00GHz, 4 cores, 7G,  Windows 10 , 64 bit Build 18362 (10.0.18362.900)
Time: Mon Jul  6 03:33:58 2020 FLE Daylight Time elapsed time: 0 seconds (0d 0h 0m 0s)

---------------  T H R E A D  ---------------

Current thread (0x000001fbfb3fc000):  JavaThread "Unknown thread" [_thread_in_vm, id=20848, stack(0x000000a100e00000,0x000000a100f00000)]

Stack: [0x000000a100e00000,0x000000a100f00000]
Native frames: (J=compiled Java code, j=interpreted, Vv=VM code, C=native code)
V  [jvm.dll+0x63aa2a]
V  [jvm.dll+0x78ce1e]
V  [jvm.dll+0x78e4c1]
V  [jvm.dll+0x78eb13]
V  [jvm.dll+0x2627e8]
V  [jvm.dll+0x637f5a]
V  [jvm.dll+0x62c845]
V  [jvm.dll+0x31e49c]
V  [jvm.dll+0x31e2cf]
V  [jvm.dll+0x324006]
V  [jvm.dll+0x371f56]
V  [jvm.dll+0x371720]
V  [jvm.dll+0x2f845a]
V  [jvm.dll+0x2f96d2]
V  [jvm.dll+0x767267]
V  [jvm.dll+0x7689f5]
V  [jvm.dll+0x380059]
V  [jvm.dll+0x74b794]
V  [jvm.dll+0x3ef5cd]
V  [jvm.dll+0x3f1471]
C  [jli.dll+0x51cf]
C  [ucrtbase.dll+0x20e82]
C  [KERNEL32.DLL+0x17bd4]
C  [ntdll.dll+0x6ce51]


---------------  P R O C E S S  ---------------

Threads class SMR info:
_java_thread_list=0x00007ff946ed7928, length=0, elements={
}

Java Threads: ( => current thread )

Other Threads:
  0x000001fbfb43d000 GCTaskThread "GC Thread#0" [stack: 0x000000a100f00000,0x000000a101000000] [id=14104]
  0x000001fbfb44a800 ConcurrentGCThread "G1 Main Marker" [stack: 0x000000a101000000,0x000000a101100000] [id=17500]
  0x000001fbfb44d000 ConcurrentGCThread "G1 Conc#0" [stack: 0x000000a101100000,0x000000a101200000] [id=21892]

[error occurred during error reporting (printing all threads), id 0xc0000005, EXCEPTION_ACCESS_VIOLATION (0xc0000005) at pc=0x00007ff9467085e7]

VM state:not at safepoint (not fully initialized)

VM Mutex/Monitor currently owned by a thread:  ([mutex/lock_event])
[0x000001fbfb3fbc30] Heap_lock - owner thread: 0x000001fbfb3fc000

Heap address: 0x0000000082000000, size: 2016 MB, Compressed Oops mode: Non-zero based: 0x0000000082000000
Narrow klass base: 0x0000000000000000, Narrow klass shift: 0

GC Heap History (0 events):
No events

Deoptimization events (0 events):
No events

Classes redefined (0 events):
No events

Internal exceptions (0 events):
No events

Events (0 events):
No events


Dynamic libraries:
0x00007ff7a30e0000 - 0x00007ff7a30ef000 	D:\Java\jdk-12.0.2\bin\java.exe
0x00007ff9a03c0000 - 0x00007ff9a05b0000 	C:\Windows\SYSTEM32\ntdll.dll
0x00007ff9993f0000 - 0x00007ff999403000 	C:\Program Files\AVAST Software\Avast\aswhook.dll
0x00007ff99ece0000 - 0x00007ff99ed92000 	C:\Windows\System32\KERNEL32.DLL
0x00007ff99d400000 - 0x00007ff99d6a4000 	C:\Windows\System32\KERNELBASE.dll
0x00007ff99e370000 - 0x00007ff99e46a000 	C:\Windows\System32\ucrtbase.dll
0x00007ff9941b0000 - 0x00007ff9941c8000 	D:\Java\jdk-12.0.2\bin\jli.dll
0x00007ff9a02d0000 - 0x00007ff9a0373000 	C:\Windows\System32\ADVAPI32.dll
0x00007ff9a0060000 - 0x00007ff9a00fe000 	C:\Windows\System32\msvcrt.dll
0x00007ff99ff60000 - 0x00007ff99fff7000 	C:\Windows\System32\sechost.dll
0x00007ff99edb0000 - 0x00007ff99eed0000 	C:\Windows\System32\RPCRT4.dll
0x00007ff99e7e0000 - 0x00007ff99e974000 	C:\Windows\System32\USER32.dll
0x00007ff99dfa0000 - 0x00007ff99dfc1000 	C:\Windows\System32\win32u.dll
0x00007ff99e470000 - 0x00007ff99e496000 	C:\Windows\System32\GDI32.dll
0x00007ff99dfd0000 - 0x00007ff99e165000 	C:\Windows\System32\gdi32full.dll
0x00007ff99e2d0000 - 0x00007ff99e36e000 	C:\Windows\System32\msvcp_win.dll
0x00007ff993d50000 - 0x00007ff993d66000 	D:\Java\jdk-12.0.2\bin\VCRUNTIME140.dll
0x00007ff998c70000 - 0x00007ff998ef4000 	C:\Windows\WinSxS\amd64_microsoft.windows.common-controls_6595b64144ccf1df_6.0.18362.900_none_e6beb9d913147d17\COMCTL32.dll
0x00007ff99e4a0000 - 0x00007ff99e7d5000 	C:\Windows\System32\combase.dll
0x00007ff99d380000 - 0x00007ff99d400000 	C:\Windows\System32\bcryptPrimitives.dll
0x00007ff998fa0000 - 0x00007ff998faa000 	C:\Windows\SYSTEM32\VERSION.dll
0x00007ff99ff30000 - 0x00007ff99ff5e000 	C:\Windows\System32\IMM32.DLL
0x00007ff970e50000 - 0x00007ff970efa000 	D:\Java\jdk-12.0.2\bin\msvcp140.dll
0x00007ff946400000 - 0x00007ff946f77000 	D:\Java\jdk-12.0.2\bin\server\jvm.dll
0x00007ff99fab0000 - 0x00007ff99fab8000 	C:\Windows\System32\PSAPI.DLL
0x00007ff993520000 - 0x00007ff993529000 	C:\Windows\SYSTEM32\WSOCK32.dll
0x00007ff99f100000 - 0x00007ff99f16f000 	C:\Windows\System32\WS2_32.dll
0x00007ff994580000 - 0x00007ff9945a4000 	C:\Windows\SYSTEM32\WINMM.dll
0x00007ff994550000 - 0x00007ff99457d000 	C:\Windows\SYSTEM32\WINMMBASE.dll
0x00007ff99e220000 - 0x00007ff99e26a000 	C:\Windows\System32\cfgmgr32.dll
0x00007ff99d290000 - 0x00007ff99d2a1000 	C:\Windows\System32\kernel.appcore.dll
0x00007ff993be0000 - 0x00007ff993bf1000 	D:\Java\jdk-12.0.2\bin\verify.dll
0x00007ff99bba0000 - 0x00007ff99bd94000 	C:\Windows\SYSTEM32\DBGHELP.DLL
0x00007ff996ed0000 - 0x00007ff996efa000 	C:\Windows\SYSTEM32\dbgcore.DLL
0x00007ff9907f0000 - 0x00007ff990816000 	D:\Java\jdk-12.0.2\bin\java.dll
0x00007ff9902d0000 - 0x00007ff990308000 	D:\Java\jdk-12.0.2\bin\jdwp.dll
0x00007ff997070000 - 0x00007ff99707e000 	D:\Java\jdk-12.0.2\bin\instrument.dll
0x00007ff9905f0000 - 0x00007ff990607000 	D:\Java\jdk-12.0.2\bin\zip.dll
0x00007ff993d00000 - 0x00007ff993d0a000 	D:\Java\jdk-12.0.2\bin\jimage.dll

dbghelp: loaded successfully - version: 4.0.5 - missing functions: none
symbol engine: initialized successfully - sym options: 0x614 - pdb path: .;D:\Java\jdk-12.0.2\bin;C:\Windows\SYSTEM32;C:\Program Files\AVAST Software\Avast;C:\Windows\WinSxS\amd64_microsoft.windows.common-controls_6595b64144ccf1df_6.0.18362.900_none_e6beb9d913147d17;D:\Java\jdk-12.0.2\bin\server

VM Arguments:
jvm_args: -agentlib:jdwp=transport=dt_socket,address=127.0.0.1:62158,suspend=y,server=n -XX:TieredStopAtLevel=1 -Xverify:none -Dspring.output.ansi.enabled=always -javaagent:C:\Users\Martin\AppData\Local\JetBrains\IntelliJIdea2020.1\captureAgent\debugger-agent.jar -Dfile.encoding=UTF-8 
java_command: com.example.english.EnglishApplication
java_class_path (initial): D:\Downloads\web-english-project\target\classes;C:\Users\Martin\AppData\Roaming\JetBrains\IntelliJIdea2020.1\javascript\extLibs\http_unpkg.com_react@16_umd_react.development.js;C:\Users\Martin\AppData\Roaming\JetBrains\IntelliJIdea2020.1\javascript\extLibs\http_unpkg.com_react@^16_umd_react.production.min.js;C:\Users\Martin\AppData\Roaming\JetBrains\IntelliJIdea2020.1\javascript\extLibs\http_unpkg.com_react-dom@16.13.0_umd_react-dom.production.min.js;C:\Users\Martin\AppData\Roaming\JetBrains\IntelliJIdea2020.1\javascript\extLibs\http_unpkg.com_react-dom@16_umd_react-dom.development.js;C:\Users\Martin\AppData\Roaming\JetBrains\IntelliJIdea2020.1\javascript\extLibs\http_unpkg.com_babel-standalone@6.26.0_babel.js;C:\Users\Martin\AppData\Roaming\JetBrains\IntelliJIdea2020.1\javascript\extLibs\http_unpkg.com_babel-standalone@6_babel.js;C:\Users\Martin\AppData\Roaming\JetBrains\IntelliJIdea2020.1\javascript\extLibs\__maxcdn.bootstrapcdn.com_bootstrap_4.1.1_css_bootstrap.css;C:\Users\Martin\AppData\Roaming\JetBrains\IntelliJIdea2020.1\javascript\extLibs\__maxcdn.bootstrapcdn.com_bootstrap_4.1.1_js_bootstrap.js;C:\Users\Martin\AppData\Roaming\JetBrains\IntelliJIdea2020.1\javascript\extLibs\http_maxcdn.bootstrapcdn.com_bootstrap_4.4.1_css_bootstrap.css;C:\Users\Martin\AppData\Roaming\JetBrains\IntelliJIdea2020.1\javascript\extLibs\http_stackpath.bootstrapcdn.com_bootstrap_4.3.1_css_bootstrap.css;C:\Users\Martin\.m2\repository\org\springframework\boot\spring-boot-starter-data-jpa\2.2.6.RELEASE\spring-boot-starter-data-jpa-2.2.6.RELEASE.jar;C:\Users\Martin\.m2\repository\org\springframework\boot\spring-boot-starter-aop\2.2.6.RELEASE\spring-boot-starter-aop-2.2.6.RELEASE.jar;C:\Users\Martin\.m2\repository\org\aspectj\aspectjweaver\1.9.5\aspectjweaver-1.9.5.jar;C:\Users\Martin\.m2\repository\org\springframework\boot\spring-boot-starter-jdbc\2.2.6.RELEASE\spring-boot-starter-jdbc-2.2.6.RELEASE.jar;C:\Users\Martin\.m2\repository\com\zaxxer\HikariCP\3.4
Launcher Type: SUN_STANDARD

[Global flags]
     bool BytecodeVerificationLocal                = false                                     {product} {command line}
     bool BytecodeVerificationRemote               = false                                     {product} {command line}
     intx CICompilerCount                          = 3                                         {product} {ergonomic}
     uint ConcGCThreads                            = 1                                         {product} {ergonomic}
     uint G1ConcRefinementThreads                  = 4                                         {product} {ergonomic}
   size_t G1HeapRegionSize                         = 1048576                                   {product} {ergonomic}
    uintx GCDrainStackTargetSize                   = 64                                        {product} {ergonomic}
   size_t InitialHeapSize                          = 132120576                                 {product} {ergonomic}
   size_t MarkStackSize                            = 4194304                                   {product} {ergonomic}
   size_t MaxHeapSize                              = 2113929216                                {product} {ergonomic}
   size_t MinHeapDeltaBytes                        = 1048576                                   {product} {ergonomic}
    uintx NonNMethodCodeHeapSize                   = 6973028                                {pd product} {ergonomic}
    uintx NonProfiledCodeHeapSize                  = 244685212                              {pd product} {ergonomic}
    uintx ProfiledCodeHeapSize                     = 0                                      {pd product} {ergonomic}
    uintx ReservedCodeCacheSize                    = 251658240                              {pd product} {ergonomic}
     bool SegmentedCodeCache                       = true                                      {product} {ergonomic}
     intx TieredStopAtLevel                        = 1                                         {product} {command line}
     bool UseCompressedClassPointers               = true                                 {lp64_product} {ergonomic}
     bool UseCompressedOops                        = true                                 {lp64_product} {ergonomic}
     bool UseG1GC                                  = true                                      {product} {ergonomic}
     bool UseLargePagesIndividualAllocation        = false                                  {pd product} {ergonomic}

Logging:
Log output configuration:
 #0: stdout all=warning uptime,level,tags
 #1: stderr all=off uptime,level,tags

Environment Variables:
JAVA_HOME=D:\JavaJDK
PATH=C:\Windows\System32;D:\Javascript;D:\JDK_13.0.2\bin;D:\Git\cmd;D:\Git\cmd;D:\Downloads\apache-maven-3.6.3-bin\apache-maven-3.6.3\bin;C:\Users\Martin\AppData\Roaming\npm;C:\Users\Martin\AppData\Local\Programs\Microsoft VS Code\bin
USERNAME=Martin
OS=Windows_NT
PROCESSOR_IDENTIFIER=Intel64 Family 6 Model 78 Stepping 3, GenuineIntel



---------------  S Y S T E M  ---------------

OS: Windows 10 , 64 bit Build 18362 (10.0.18362.900)

CPU:total 4 (initial active 4) (2 cores per cpu, 2 threads per core) family 6 model 78 stepping 3, cmov, cx8, fxsr, mmx, sse, sse2, sse3, ssse3, sse4.1, sse4.2, popcnt, avx, avx2, aes, clmul, erms, 3dnowpref, lzcnt, ht, tsc, tscinvbit, bmi1, bmi2, adx, fma

Memory: 4k page, system-wide physical 8056M (485M free)
TotalPageFile size 14375M (AvailPageFile size 104M)
current process WorkingSet (physical memory assigned to process): 10M, peak: 10M
current process commit charge ("private bytes"): 49M, peak: 175M

vm_info: Java HotSpot(TM) 64-Bit Server VM (12.0.2+10) for windows-amd64 JRE (12.0.2+10), built on Jul 16 2019 01:56:17 by "mach5one" with MS VC++ 15.5 (VS2017)

END.
