#
# There is insufficient memory for the Java Runtime Environment to continue.
# Native memory allocation (malloc) failed to allocate 3150576 bytes for Chunk::new
# Possible reasons:
#   The system is out of physical RAM or swap space
#   The process is running with CompressedOops enabled, and the Java Heap may be blocking the growth of the native heap
# Possible solutions:
#   Reduce memory load on the system
#   Increase physical memory or swap space
#   Check if swap backing store is full
#   Decrease Java heap size (-Xmx/-Xms)
#   Decrease number of Java threads
#   Decrease Java thread stack sizes (-Xss)
#   Set larger code cache with -XX:ReservedCodeCacheSize=
#   JVM is running with Unscaled Compressed Oops mode in which the Java heap is
#     placed in the first 4GB address space. The Java Heap base address is the
#     maximum limit for the native heap growth. Please use -XX:HeapBaseMinAddress
#     to set the Java Heap base and to place the Java Heap above 4GB virtual address.
# This output file may be truncated or incomplete.
#
#  Out of Memory Error (t:/workspace/open/src/hotspot/share/memory/arena.cpp:197), pid=2856, tid=16284
#
# JRE version: Java(TM) SE Runtime Environment (12.0.2+10) (build 12.0.2+10)
# Java VM: Java HotSpot(TM) 64-Bit Server VM (12.0.2+10, mixed mode, sharing, tiered, compressed oops, g1 gc, windows-amd64)
# No core dump will be written. Minidumps are not enabled by default on client versions of Windows
#

---------------  S U M M A R Y ------------

Command Line: -agentlib:jdwp=transport=dt_socket,address=127.0.0.1:57946,suspend=y,server=n -ea -Didea.test.cyclic.buffer.size=1048576 -javaagent:C:\Users\Martin\AppData\Local\JetBrains\IntelliJIdea2020.1\captureAgent\debugger-agent.jar -Dfile.encoding=UTF-8 com.intellij.rt.junit.JUnitStarter -ideVersion5 -junit5 com.example.english.controller.ContentControllerTests,getAllGrammarCategories_shouldReturnAllCategories

Host: Intel(R) Core(TM) i3-6006U CPU @ 2.00GHz, 4 cores, 7G,  Windows 10 , 64 bit Build 18362 (10.0.18362.959)
Time: Sat Aug  1 19:59:24 2020 FLE Daylight Time elapsed time: 28 seconds (0d 0h 0m 28s)

---------------  T H R E A D  ---------------

Current thread (0x000001e07f751000):  JavaThread "C2 CompilerThread0" daemon [_thread_in_native, id=16284, stack(0x000000226e500000,0x000000226e600000)]


Current CompileTask:
C2:  28722 5373       4       org.springframework.core.annotation.TypeMappedAnnotations$MergedAnnotationFinder::doWithAnnotations (75 bytes)

Stack: [0x000000226e500000,0x000000226e600000]
Native frames: (J=compiled Java code, j=interpreted, Vv=VM code, C=native code)
V  [jvm.dll+0x63aa2a]
V  [jvm.dll+0x78ce1e]
V  [jvm.dll+0x78e4c1]
V  [jvm.dll+0x78eb13]
V  [jvm.dll+0x2627e8]
V  [jvm.dll+0xc55cc]
V  [jvm.dll+0xc5b4c]
V  [jvm.dll+0x37a677]
V  [jvm.dll+0x1af0e0]
V  [jvm.dll+0x21c312]
V  [jvm.dll+0x21b3da]
V  [jvm.dll+0x199a20]
V  [jvm.dll+0x22a744]
V  [jvm.dll+0x228d98]
V  [jvm.dll+0x7512a0]
V  [jvm.dll+0x74a2c8]
V  [jvm.dll+0x639b16]
C  [ucrtbase.dll+0x20e82]
C  [KERNEL32.DLL+0x17bd4]
C  [ntdll.dll+0x6ce51]


---------------  P R O C E S S  ---------------

Threads class SMR info:
_java_thread_list=0x000001e0081a3980, length=14, elements={
0x000001e063395800, 0x000001e07f72d000, 0x000001e07f730000, 0x000001e07f74f000,
0x000001e07f750000, 0x000001e07f751000, 0x000001e07f754000, 0x000001e00214e000,
0x000001e07f714000, 0x000001e0022dd000, 0x000001e0022ce000, 0x000001e0022ce800,
0x000001e0029f5000, 0x000001e003bef800
}

Java Threads: ( => current thread )
  0x000001e063395800 JavaThread "main" [_thread_in_vm, id=1824, stack(0x000000226da00000,0x000000226db00000)]
  0x000001e07f72d000 JavaThread "Reference Handler" daemon [_thread_blocked, id=16792, stack(0x000000226e100000,0x000000226e200000)]
  0x000001e07f730000 JavaThread "Finalizer" daemon [_thread_blocked, id=8220, stack(0x000000226e200000,0x000000226e300000)]
  0x000001e07f74f000 JavaThread "Signal Dispatcher" daemon [_thread_blocked, id=6012, stack(0x000000226e300000,0x000000226e400000)]
  0x000001e07f750000 JavaThread "Attach Listener" daemon [_thread_blocked, id=14692, stack(0x000000226e400000,0x000000226e500000)]
=>0x000001e07f751000 JavaThread "C2 CompilerThread0" daemon [_thread_in_native, id=16284, stack(0x000000226e500000,0x000000226e600000)]
  0x000001e07f754000 JavaThread "C1 CompilerThread0" daemon [_thread_blocked, id=16680, stack(0x000000226e600000,0x000000226e700000)]
  0x000001e00214e000 JavaThread "Sweeper thread" daemon [_thread_blocked, id=5036, stack(0x000000226e700000,0x000000226e800000)]
  0x000001e07f714000 JavaThread "Common-Cleaner" daemon [_thread_blocked, id=16096, stack(0x000000226e800000,0x000000226e900000)]
  0x000001e0022dd000 JavaThread "JDWP Transport Listener: dt_socket" daemon [_thread_blocked, id=13628, stack(0x000000226e900000,0x000000226ea00000)]
  0x000001e0022ce000 JavaThread "JDWP Event Helper Thread" daemon [_thread_blocked, id=4712, stack(0x000000226ea00000,0x000000226eb00000)]
  0x000001e0022ce800 JavaThread "JDWP Command Reader" daemon [_thread_in_native, id=1676, stack(0x000000226eb00000,0x000000226ec00000)]
  0x000001e0029f5000 JavaThread "Service Thread" daemon [_thread_blocked, id=10724, stack(0x000000226ee00000,0x000000226ef00000)]
  0x000001e003bef800 JavaThread "C2 CompilerThread1" daemon [_thread_in_native, id=16716, stack(0x000000226f000000,0x000000226f100000)]

Other Threads:
  0x000001e07f72b800 VMThread "VM Thread" [stack: 0x000000226e000000,0x000000226e100000] [id=12392]
  0x000001e00299e000 WatcherThread [stack: 0x000000226ef00000,0x000000226f000000] [id=5052]
  0x000001e0633d5000 GCTaskThread "GC Thread#0" [stack: 0x000000226db00000,0x000000226dc00000] [id=16796]
  0x000001e0024f7800 GCTaskThread "GC Thread#1" [stack: 0x000000226ec00000,0x000000226ed00000] [id=16640]
  0x000001e0024f8800 GCTaskThread "GC Thread#2" [stack: 0x000000226ed00000,0x000000226ee00000] [id=9408]
  0x000001e0033c0800 GCTaskThread "GC Thread#3" [stack: 0x000000226f100000,0x000000226f200000] [id=11208]
  0x000001e0633e2800 ConcurrentGCThread "G1 Main Marker" [stack: 0x000000226dc00000,0x000000226dd00000] [id=13532]
  0x000001e0633e4000 ConcurrentGCThread "G1 Conc#0" [stack: 0x000000226dd00000,0x000000226de00000] [id=12052]
  0x000001e07f5a6800 ConcurrentGCThread "G1 Refine#0" [stack: 0x000000226de00000,0x000000226df00000] [id=13136]
  0x000001e06344d800 ConcurrentGCThread "G1 Young RemSet Sampling" [stack: 0x000000226df00000,0x000000226e000000] [id=10568]

Threads with active compile tasks:
C2 CompilerThread0  5373       4       org.springframework.core.annotation.TypeMappedAnnotations$MergedAnnotationFinder::doWithAnnotations (75 bytes)
C2 CompilerThread1  5370   !   4       org.springframework.core.annotation.AnnotationsScanner::processMethodHierarchy (286 bytes)

VM state:not at safepoint (normal execution)

VM Mutex/Monitor currently owned by a thread: None

Heap address: 0x0000000082000000, size: 2016 MB, Compressed Oops mode: 32-bit
Narrow klass base: 0x0000000800000000, Narrow klass shift: 3
Compressed class space size: 1073741824 Address: 0x0000000801190000

Heap:
 garbage-first heap   total 70656K, used 33843K [0x0000000082000000, 0x0000000100000000)
  region size 1024K, 12 young (12288K), 3 survivors (3072K)
 Metaspace       used 52621K, capacity 53963K, committed 54272K, reserved 1095680K
  class space    used 7064K, capacity 7573K, committed 7680K, reserved 1048576K
Heap Regions: E=young(eden), S=young(survivor), O=old, HS=humongous(starts), HC=humongous(continues), CS=collection set, F=free, A=archive, TAMS=top-at-mark-start (previous, next)
|   0|0x0000000082000000, 0x0000000082100000, 0x0000000082100000|100%|HS|  |TAMS 0x0000000082100000, 0x0000000082000000| Complete 
|   1|0x0000000082100000, 0x0000000082200000, 0x0000000082200000|100%| O|  |TAMS 0x0000000082200000, 0x0000000082100000| Untracked 
|   2|0x0000000082200000, 0x0000000082300000, 0x0000000082300000|100%| O|  |TAMS 0x0000000082300000, 0x0000000082200000| Untracked 
|   3|0x0000000082300000, 0x0000000082400000, 0x0000000082400000|100%| O|  |TAMS 0x0000000082400000, 0x0000000082300000| Untracked 
|   4|0x0000000082400000, 0x0000000082500000, 0x0000000082500000|100%| O|  |TAMS 0x0000000082500000, 0x0000000082400000| Untracked 
|   5|0x0000000082500000, 0x0000000082600000, 0x0000000082600000|100%| O|  |TAMS 0x0000000082600000, 0x0000000082500000| Untracked 
|   6|0x0000000082600000, 0x0000000082700000, 0x0000000082700000|100%| O|  |TAMS 0x0000000082700000, 0x0000000082600000| Untracked 
|   7|0x0000000082700000, 0x0000000082800000, 0x0000000082800000|100%| O|  |TAMS 0x0000000082800000, 0x0000000082700000| Untracked 
|   8|0x0000000082800000, 0x0000000082900000, 0x0000000082900000|100%| O|  |TAMS 0x0000000082900000, 0x0000000082800000| Untracked 
|   9|0x0000000082900000, 0x0000000082a00000, 0x0000000082a00000|100%| O|  |TAMS 0x0000000082a00000, 0x0000000082900000| Untracked 
|  10|0x0000000082a00000, 0x0000000082a58800, 0x0000000082b00000| 34%| O|  |TAMS 0x0000000082a58800, 0x0000000082a00000| Untracked 
|  11|0x0000000082b00000, 0x0000000082c00000, 0x0000000082c00000|100%| O|  |TAMS 0x0000000082c00000, 0x0000000082b00000| Untracked 
|  12|0x0000000082c00000, 0x0000000082d00000, 0x0000000082d00000|100%| O|  |TAMS 0x0000000082d00000, 0x0000000082c00000| Untracked 
|  13|0x0000000082d00000, 0x0000000082e00000, 0x0000000082e00000|100%| O|  |TAMS 0x0000000082e00000, 0x0000000082d00000| Untracked 
|  14|0x0000000082e00000, 0x0000000082f00000, 0x0000000082f00000|100%| O|  |TAMS 0x0000000082f00000, 0x0000000082e00000| Untracked 
|  15|0x0000000082f00000, 0x0000000083000000, 0x0000000083000000|100%| O|  |TAMS 0x0000000083000000, 0x0000000082f00000| Untracked 
|  16|0x0000000083000000, 0x0000000083100000, 0x0000000083100000|100%| O|  |TAMS 0x0000000083100000, 0x0000000083000000| Untracked 
|  17|0x0000000083100000, 0x0000000083200000, 0x0000000083200000|100%| O|  |TAMS 0x0000000083200000, 0x0000000083100000| Untracked 
|  18|0x0000000083200000, 0x0000000083300000, 0x0000000083300000|100%| O|  |TAMS 0x0000000083267000, 0x0000000083200000| Untracked 
|  19|0x0000000083300000, 0x0000000083400000, 0x0000000083400000|100%| O|  |TAMS 0x0000000083300000, 0x0000000083300000| Untracked 
|  20|0x0000000083400000, 0x0000000083500000, 0x0000000083500000|100%| O|  |TAMS 0x0000000083400000, 0x0000000083400000| Untracked 
|  21|0x0000000083500000, 0x0000000083600000, 0x0000000083600000|100%| O|  |TAMS 0x0000000083500000, 0x0000000083500000| Untracked 
|  22|0x0000000083600000, 0x00000000836b4600, 0x0000000083700000| 70%| O|  |TAMS 0x0000000083600000, 0x0000000083600000| Untracked 
|  23|0x0000000083700000, 0x0000000083700000, 0x0000000083800000|  0%| F|  |TAMS 0x0000000083700000, 0x0000000083700000| Untracked 
|  24|0x0000000083800000, 0x0000000083800000, 0x0000000083900000|  0%| F|  |TAMS 0x0000000083800000, 0x0000000083800000| Untracked 
|  25|0x0000000083900000, 0x0000000083900000, 0x0000000083a00000|  0%| F|  |TAMS 0x0000000083900000, 0x0000000083900000| Untracked 
|  26|0x0000000083a00000, 0x0000000083a00000, 0x0000000083b00000|  0%| F|  |TAMS 0x0000000083a00000, 0x0000000083a00000| Untracked 
|  27|0x0000000083b00000, 0x0000000083b00000, 0x0000000083c00000|  0%| F|  |TAMS 0x0000000083b00000, 0x0000000083b00000| Untracked 
|  28|0x0000000083c00000, 0x0000000083c00000, 0x0000000083d00000|  0%| F|  |TAMS 0x0000000083c00000, 0x0000000083c00000| Untracked 
|  29|0x0000000083d00000, 0x0000000083d00000, 0x0000000083e00000|  0%| F|  |TAMS 0x0000000083d00000, 0x0000000083d00000| Untracked 
|  30|0x0000000083e00000, 0x0000000083e00000, 0x0000000083f00000|  0%| F|  |TAMS 0x0000000083e00000, 0x0000000083e00000| Untracked 
|  31|0x0000000083f00000, 0x0000000083f00000, 0x0000000084000000|  0%| F|  |TAMS 0x0000000083f00000, 0x0000000083f00000| Untracked 
|  32|0x0000000084000000, 0x0000000084000000, 0x0000000084100000|  0%| F|  |TAMS 0x0000000084000000, 0x0000000084000000| Untracked 
|  33|0x0000000084100000, 0x0000000084100000, 0x0000000084200000|  0%| F|  |TAMS 0x0000000084100000, 0x0000000084100000| Untracked 
|  34|0x0000000084200000, 0x0000000084200000, 0x0000000084300000|  0%| F|  |TAMS 0x0000000084200000, 0x0000000084200000| Untracked 
|  35|0x0000000084300000, 0x0000000084300000, 0x0000000084400000|  0%| F|  |TAMS 0x0000000084300000, 0x0000000084300000| Untracked 
|  36|0x0000000084400000, 0x0000000084500000, 0x0000000084500000|100%| S|CS|TAMS 0x0000000084400000, 0x0000000084400000| Complete 
|  37|0x0000000084500000, 0x0000000084600000, 0x0000000084600000|100%| S|CS|TAMS 0x0000000084500000, 0x0000000084500000| Complete 
|  38|0x0000000084600000, 0x0000000084700000, 0x0000000084700000|100%| S|CS|TAMS 0x0000000084600000, 0x0000000084600000| Complete 
|  39|0x0000000084700000, 0x0000000084700000, 0x0000000084800000|  0%| F|  |TAMS 0x0000000084700000, 0x0000000084700000| Untracked 
|  40|0x0000000084800000, 0x0000000084800000, 0x0000000084900000|  0%| F|  |TAMS 0x0000000084800000, 0x0000000084800000| Untracked 
|  41|0x0000000084900000, 0x0000000084900000, 0x0000000084a00000|  0%| F|  |TAMS 0x0000000084900000, 0x0000000084900000| Untracked 
|  42|0x0000000084a00000, 0x0000000084a00000, 0x0000000084b00000|  0%| F|  |TAMS 0x0000000084a00000, 0x0000000084a00000| Untracked 
|  43|0x0000000084b00000, 0x0000000084b00000, 0x0000000084c00000|  0%| F|  |TAMS 0x0000000084b00000, 0x0000000084b00000| Untracked 
|  44|0x0000000084c00000, 0x0000000084c00000, 0x0000000084d00000|  0%| F|  |TAMS 0x0000000084c00000, 0x0000000084c00000| Untracked 
|  45|0x0000000084d00000, 0x0000000084d00000, 0x0000000084e00000|  0%| F|  |TAMS 0x0000000084d00000, 0x0000000084d00000| Untracked 
|  46|0x0000000084e00000, 0x0000000084e00000, 0x0000000084f00000|  0%| F|  |TAMS 0x0000000084e00000, 0x0000000084e00000| Untracked 
|  47|0x0000000084f00000, 0x0000000084f00000, 0x0000000085000000|  0%| F|  |TAMS 0x0000000084f00000, 0x0000000084f00000| Untracked 
|  48|0x0000000085000000, 0x0000000085000000, 0x0000000085100000|  0%| F|  |TAMS 0x0000000085000000, 0x0000000085000000| Untracked 
|  49|0x0000000085100000, 0x0000000085100000, 0x0000000085200000|  0%| F|  |TAMS 0x0000000085100000, 0x0000000085100000| Untracked 
|  50|0x0000000085200000, 0x0000000085200000, 0x0000000085300000|  0%| F|  |TAMS 0x0000000085200000, 0x0000000085200000| Untracked 
|  51|0x0000000085300000, 0x0000000085300000, 0x0000000085400000|  0%| F|  |TAMS 0x0000000085300000, 0x0000000085300000| Untracked 
|  52|0x0000000085400000, 0x0000000085400000, 0x0000000085500000|  0%| F|  |TAMS 0x0000000085400000, 0x0000000085400000| Untracked 
|  53|0x0000000085500000, 0x0000000085500000, 0x0000000085600000|  0%| F|  |TAMS 0x0000000085500000, 0x0000000085500000| Untracked 
|  54|0x0000000085600000, 0x0000000085600000, 0x0000000085700000|  0%| F|  |TAMS 0x0000000085600000, 0x0000000085600000| Untracked 
|  55|0x0000000085700000, 0x0000000085700000, 0x0000000085800000|  0%| F|  |TAMS 0x0000000085700000, 0x0000000085700000| Untracked 
|  56|0x0000000085800000, 0x0000000085800000, 0x0000000085900000|  0%| F|  |TAMS 0x0000000085800000, 0x0000000085800000| Untracked 
|  57|0x0000000085900000, 0x0000000085900000, 0x0000000085a00000|  0%| F|  |TAMS 0x0000000085900000, 0x0000000085900000| Untracked 
|  58|0x0000000085a00000, 0x0000000085a00000, 0x0000000085b00000|  0%| F|  |TAMS 0x0000000085a00000, 0x0000000085a00000| Untracked 
|  59|0x0000000085b00000, 0x0000000085b00000, 0x0000000085c00000|  0%| F|  |TAMS 0x0000000085b00000, 0x0000000085b00000| Untracked 
|  60|0x0000000085c00000, 0x0000000085c80800, 0x0000000085d00000| 50%| E|  |TAMS 0x0000000085c00000, 0x0000000085c00000| Complete 
|  61|0x0000000085d00000, 0x0000000085e00000, 0x0000000085e00000|100%| E|CS|TAMS 0x0000000085d00000, 0x0000000085d00000| Complete 
|  62|0x0000000085e00000, 0x0000000085f00000, 0x0000000085f00000|100%| E|CS|TAMS 0x0000000085e00000, 0x0000000085e00000| Complete 
|  63|0x0000000085f00000, 0x0000000086000000, 0x0000000086000000|100%| E|CS|TAMS 0x0000000085f00000, 0x0000000085f00000| Complete 
|  64|0x0000000086000000, 0x0000000086100000, 0x0000000086100000|100%| E|CS|TAMS 0x0000000086000000, 0x0000000086000000| Complete 
|  65|0x0000000086100000, 0x0000000086200000, 0x0000000086200000|100%| E|CS|TAMS 0x0000000086100000, 0x0000000086100000| Complete 
| 106|0x0000000088a00000, 0x0000000088b00000, 0x0000000088b00000|100%| E|CS|TAMS 0x0000000088a00000, 0x0000000088a00000| Complete 
| 107|0x0000000088b00000, 0x0000000088c00000, 0x0000000088c00000|100%| E|CS|TAMS 0x0000000088b00000, 0x0000000088b00000| Complete 
| 108|0x0000000088c00000, 0x0000000088d00000, 0x0000000088d00000|100%| E|CS|TAMS 0x0000000088c00000, 0x0000000088c00000| Complete 

Card table byte_map: [0x000001e07ab70000,0x000001e07af60000] _byte_map_base: 0x000001e07a760000

Marking Bits (Prev, Next): (CMBitMap*) 0x000001e0633d6088, (CMBitMap*) 0x000001e0633d60c8
 Prev Bits: [0x000001e07b350000, 0x000001e07d2d0000)
 Next Bits: [0x000001e07d2d0000, 0x000001e07f250000)

Polling page: 0x000001e0612b0000

Metaspace:

Usage:
  Non-class:     45.30 MB capacity,    44.49 MB ( 98%) used,   659.80 KB (  1%) free+waste,   173.13 KB ( <1%) overhead. 
      Class:      7.40 MB capacity,     6.90 MB ( 93%) used,   428.00 KB (  6%) free+waste,    80.50 KB (  1%) overhead. 
       Both:     52.70 MB capacity,    51.39 MB ( 98%) used,     1.06 MB (  2%) free+waste,   253.63 KB ( <1%) overhead. 

Virtual space:
  Non-class space:       46.00 MB reserved,      45.50 MB ( 99%) committed 
      Class space:        1.00 GB reserved,       7.50 MB ( <1%) committed 
             Both:        1.04 GB reserved,      53.00 MB (  5%) committed 

Chunk freelists:
   Non-Class:  1.25 KB
       Class:  0 bytes
        Both:  1.25 KB

CodeHeap 'non-profiled nmethods': size=120064Kb used=3427Kb max_used=3427Kb free=116636Kb
 bounds [0x000001e073240000, 0x000001e0735a0000, 0x000001e07a780000]
CodeHeap 'profiled nmethods': size=120000Kb used=12491Kb max_used=12491Kb free=107508Kb
 bounds [0x000001e06bd10000, 0x000001e06c950000, 0x000001e073240000]
CodeHeap 'non-nmethods': size=5696Kb used=1319Kb max_used=1367Kb free=4376Kb
 bounds [0x000001e06b780000, 0x000001e06b9f0000, 0x000001e06bd10000]
 total_blobs=7261 nmethods=5259 adapters=504
 compilation: enabled
              stopped_count=0, restarted_count=0
 full_count=0

Compilation events (10 events):
Event: 28.643 Thread 0x000001e07f754000 5498       3       org.springframework.core.annotation.AnnotatedElementUtils::findMergedAnnotation (59 bytes)
Event: 28.645 Thread 0x000001e07f754000 nmethod 5498 0x000001e06c940510 code [0x000001e06c940860, 0x000001e06c941e00]
Event: 28.645 Thread 0x000001e07f754000 5499       3       org.springframework.core.annotation.AnnotatedElementUtils$$Lambda$359/0x0000000801307840::test (10 bytes)
Event: 28.645 Thread 0x000001e07f754000 nmethod 5499 0x000001e06c942510 code [0x000001e06c9426e0, 0x000001e06c942a70]
Event: 28.646 Thread 0x000001e07f754000 5501       1       org.springframework.data.mapping.model.AbstractPersistentProperty::getGetter (5 bytes)
Event: 28.646 Thread 0x000001e07f754000 nmethod 5501 0x000001e073597e10 code [0x000001e073597fc0, 0x000001e0735980f8]
Event: 28.646 Thread 0x000001e07f754000 5502       1       org.springframework.data.mapping.model.AbstractPersistentProperty::getSetter (5 bytes)
Event: 28.646 Thread 0x000001e07f754000 nmethod 5502 0x000001e073598190 code [0x000001e073598340, 0x000001e073598478]
Event: 28.646 Thread 0x000001e07f754000 5503       1       org.springframework.data.mapping.model.AbstractPersistentProperty::getField (5 bytes)
Event: 28.646 Thread 0x000001e07f754000 nmethod 5503 0x000001e073598510 code [0x000001e0735986c0, 0x000001e0735987f8]

GC Heap History (10 events):
Event: 23.717 GC heap before
{Heap before GC invocations=17 (full 0):
 garbage-first heap   total 58368K, used 39317K [0x0000000082000000, 0x0000000100000000)
  region size 1024K, 21 young (21504K), 2 survivors (2048K)
 Metaspace       used 37489K, capacity 38672K, committed 38912K, reserved 1083392K
  class space    used 4880K, capacity 5346K, committed 5376K, reserved 1048576K
}
Event: 23.727 GC heap after
{Heap after GC invocations=18 (full 0):
 garbage-first heap   total 70656K, used 21456K [0x0000000082000000, 0x0000000100000000)
  region size 1024K, 2 young (2048K), 2 survivors (2048K)
 Metaspace       used 37489K, capacity 38672K, committed 38912K, reserved 1083392K
  class space    used 4880K, capacity 5346K, committed 5376K, reserved 1048576K
}
Event: 24.695 GC heap before
{Heap before GC invocations=18 (full 0):
 garbage-first heap   total 70656K, used 48080K [0x0000000082000000, 0x0000000100000000)
  region size 1024K, 28 young (28672K), 2 survivors (2048K)
 Metaspace       used 42218K, capacity 43372K, committed 43520K, reserved 1087488K
  class space    used 5594K, capacity 6037K, committed 6144K, reserved 1048576K
}
Event: 24.706 GC heap after
{Heap after GC invocations=19 (full 0):
 garbage-first heap   total 70656K, used 22542K [0x0000000082000000, 0x0000000100000000)
  region size 1024K, 3 young (3072K), 3 survivors (3072K)
 Metaspace       used 42218K, capacity 43372K, committed 43520K, reserved 1087488K
  class space    used 5594K, capacity 6037K, committed 6144K, reserved 1048576K
}
Event: 25.625 GC heap before
{Heap before GC invocations=19 (full 0):
 garbage-first heap   total 70656K, used 49166K [0x0000000082000000, 0x0000000100000000)
  region size 1024K, 29 young (29696K), 3 survivors (3072K)
 Metaspace       used 46072K, capacity 47271K, committed 47616K, reserved 1089536K
  class space    used 6103K, capacity 6546K, committed 6656K, reserved 1048576K
}
Event: 25.639 GC heap after
{Heap after GC invocations=20 (full 0):
 garbage-first heap   total 70656K, used 23547K [0x0000000082000000, 0x0000000100000000)
  region size 1024K, 3 young (3072K), 3 survivors (3072K)
 Metaspace       used 46072K, capacity 47271K, committed 47616K, reserved 1089536K
  class space    used 6103K, capacity 6546K, committed 6656K, reserved 1048576K
}
Event: 26.652 GC heap before
{Heap before GC invocations=20 (full 0):
 garbage-first heap   total 70656K, used 50171K [0x0000000082000000, 0x0000000100000000)
  region size 1024K, 29 young (29696K), 3 survivors (3072K)
 Metaspace       used 49613K, capacity 50841K, committed 51072K, reserved 1093632K
  class space    used 6682K, capacity 7173K, committed 7296K, reserved 1048576K
}
Event: 26.666 GC heap after
{Heap after GC invocations=21 (full 0):
 garbage-first heap   total 70656K, used 24449K [0x0000000082000000, 0x0000000100000000)
  region size 1024K, 3 young (3072K), 3 survivors (3072K)
 Metaspace       used 49613K, capacity 50841K, committed 51072K, reserved 1093632K
  class space    used 6682K, capacity 7173K, committed 7296K, reserved 1048576K
}
Event: 28.071 GC heap before
{Heap before GC invocations=21 (full 0):
 garbage-first heap   total 70656K, used 51073K [0x0000000082000000, 0x0000000100000000)
  region size 1024K, 30 young (30720K), 3 survivors (3072K)
 Metaspace       used 51190K, capacity 52477K, committed 52736K, reserved 1095680K
  class space    used 6886K, capacity 7354K, committed 7424K, reserved 1048576K
}
Event: 28.086 GC heap after
{Heap after GC invocations=22 (full 0):
 garbage-first heap   total 70656K, used 25651K [0x0000000082000000, 0x0000000100000000)
  region size 1024K, 3 young (3072K), 3 survivors (3072K)
 Metaspace       used 51190K, capacity 52477K, committed 52736K, reserved 1095680K
  class space    used 6886K, capacity 7354K, committed 7424K, reserved 1048576K
}

Deoptimization events (10 events):
Event: 27.842 Thread 0x000001e063395800 Uncommon trap: reason=array_check action=maybe_recompile pc=0x000001e073574d2c method=java.util.AbstractCollection.toArray([Ljava/lang/Object;)[Ljava/lang/Object; @ 116 c2
Event: 28.328 Thread 0x000001e063395800 Uncommon trap: reason=speculate_null_assert action=make_not_entrant pc=0x000001e073384ba0 method=org.springframework.util.ConcurrentReferenceHashMap$Segment.restructureIfNecessary(Z)V @ 41 c2
Event: 28.331 Thread 0x000001e063395800 Uncommon trap: reason=speculate_null_assert action=make_not_entrant pc=0x000001e0732ec54c method=org.springframework.util.ConcurrentReferenceHashMap$Segment.restructureIfNecessary(Z)V @ 41 c2
Event: 28.469 Thread 0x000001e063395800 Uncommon trap: reason=unstable_if action=reinterpret pc=0x000001e073510928 method=java.util.stream.ReferencePipeline.forEachWithCancel(Ljava/util/Spliterator;Ljava/util/stream/Sink;)Z @ 8 c2
Event: 28.473 Thread 0x000001e063395800 Uncommon trap: reason=unstable_if action=reinterpret pc=0x000001e073511a44 method=java.util.stream.ReferencePipeline.forEachWithCancel(Ljava/util/Spliterator;Ljava/util/stream/Sink;)Z @ 8 c2
Event: 28.512 Thread 0x000001e063395800 Uncommon trap: reason=array_check action=maybe_recompile pc=0x000001e073574d2c method=java.util.AbstractCollection.toArray([Ljava/lang/Object;)[Ljava/lang/Object; @ 116 c2
Event: 28.514 Thread 0x000001e063395800 Uncommon trap: reason=profile_predicate action=maybe_recompile pc=0x000001e073596fc4 method=java.lang.PublicMethods$MethodList.filter([Ljava/lang/reflect/Method;Ljava/lang/String;[Ljava/lang/Class;Z)Ljava/lang/PublicMethods$MethodList; @ 21 c2
Event: 28.514 Thread 0x000001e063395800 Uncommon trap: reason=profile_predicate action=maybe_recompile pc=0x000001e073596fc4 method=java.lang.PublicMethods$MethodList.filter([Ljava/lang/reflect/Method;Ljava/lang/String;[Ljava/lang/Class;Z)Ljava/lang/PublicMethods$MethodList; @ 21 c2
Event: 28.514 Thread 0x000001e063395800 Uncommon trap: reason=profile_predicate action=maybe_recompile pc=0x000001e073596fc4 method=java.lang.PublicMethods$MethodList.filter([Ljava/lang/reflect/Method;Ljava/lang/String;[Ljava/lang/Class;Z)Ljava/lang/PublicMethods$MethodList; @ 21 c2
Event: 28.514 Thread 0x000001e063395800 Uncommon trap: reason=profile_predicate action=maybe_recompile pc=0x000001e073596fc4 method=java.lang.PublicMethods$MethodList.filter([Ljava/lang/reflect/Method;Ljava/lang/String;[Ljava/lang/Class;Z)Ljava/lang/PublicMethods$MethodList; @ 21 c2

Classes redefined (0 events):
No events

Internal exceptions (10 events):
Event: 27.875 Thread 0x000001e063395800 Exception <a 'java/lang/ClassNotFoundException'{0x0000000084c06d28}: org/springframework/beans/factory/InitializingBeanCustomizer> (0x0000000084c06d28) thrown at [t:/workspace/open/src/hotspot/share/classfile/systemDictionary.cpp, line 235]
Event: 27.877 Thread 0x000001e063395800 Exception <a 'java/lang/ClassNotFoundException'{0x0000000084c1cf10}: org/springframework/beans/factory/DisposableBeanCustomizer> (0x0000000084c1cf10) thrown at [t:/workspace/open/src/hotspot/share/classfile/systemDictionary.cpp, line 235]
Event: 28.199 Thread 0x000001e063395800 Exception <a 'java/lang/NoSuchMethodError'{0x0000000088b53b10}: java.lang.invoke.DirectMethodHandle$Holder.invokeInterface(Ljava/lang/Object;Ljava/lang/Object;Ljava/lang/Object;)Ljava/lang/Object;> (0x0000000088b53b10) thrown at [t:/workspace/open/src/hot
Event: 28.438 Thread 0x000001e063395800 Exception <a 'java/lang/ClassNotFoundException'{0x00000000860e6f20}: java/lang/ObjectCustomizer> (0x00000000860e6f20) thrown at [t:/workspace/open/src/hotspot/share/classfile/systemDictionary.cpp, line 235]
Event: 28.439 Thread 0x000001e063395800 Exception <a 'java/lang/ClassNotFoundException'{0x00000000860feea8}: com/example/english/data/entity/BaseEntityCustomizer> (0x00000000860feea8) thrown at [t:/workspace/open/src/hotspot/share/classfile/systemDictionary.cpp, line 235]
Event: 28.442 Thread 0x000001e063395800 Exception <a 'java/lang/ClassNotFoundException'{0x0000000085f15170}: com/example/english/data/entity/UserCustomizer> (0x0000000085f15170) thrown at [t:/workspace/open/src/hotspot/share/classfile/systemDictionary.cpp, line 235]
Event: 28.455 Thread 0x000001e063395800 Exception <a 'java/lang/ClassNotFoundException'{0x0000000085f40548}: org/springframework/security/core/userdetails/UserDetailsCustomizer> (0x0000000085f40548) thrown at [t:/workspace/open/src/hotspot/share/classfile/systemDictionary.cpp, line 235]
Event: 28.623 Thread 0x000001e063395800 Exception <a 'java/lang/ClassNotFoundException'{0x0000000085eaf078}: java/lang/ObjectCustomizer> (0x0000000085eaf078) thrown at [t:/workspace/open/src/hotspot/share/classfile/systemDictionary.cpp, line 235]
Event: 28.626 Thread 0x000001e063395800 Exception <a 'java/lang/ClassNotFoundException'{0x0000000085ec6fc0}: com/example/english/data/entity/BaseEntityCustomizer> (0x0000000085ec6fc0) thrown at [t:/workspace/open/src/hotspot/share/classfile/systemDictionary.cpp, line 235]
Event: 28.627 Thread 0x000001e063395800 Exception <a 'java/lang/ClassNotFoundException'{0x0000000085edd868}: com/example/english/data/entity/UserProfileCustomizer> (0x0000000085edd868) thrown at [t:/workspace/open/src/hotspot/share/classfile/systemDictionary.cpp, line 235]

Events (10 events):
Event: 28.627 Thread 0x000001e063395800 DEOPT PACKING pc=0x000001e06c730c4c sp=0x000000226daf9ff0
Event: 28.627 Thread 0x000001e063395800 DEOPT UNPACKING pc=0x000001e06b7bef4e sp=0x000000226daf94a0 mode 1
Event: 28.627 loading class com/example/english/data/entity/UserProfileCustomizer
Event: 28.627 loading class com/example/english/data/entity/UserProfileCustomizer done
Event: 28.627 Thread 0x000001e063395800 DEOPT PACKING pc=0x000001e07344bdf4 sp=0x000000226daf9f10
Event: 28.627 Thread 0x000001e063395800 DEOPT UNPACKING pc=0x000001e06b7bef4e sp=0x000000226daf93a0 mode 1
Event: 28.627 loading class com/example/english/data/entity/UserProfileCustomizer
Event: 28.627 loading class com/example/english/data/entity/UserProfileCustomizer done
Event: 28.627 Thread 0x000001e063395800 DEOPT PACKING pc=0x000001e06c05f62c sp=0x000000226daf9ef0
Event: 28.627 Thread 0x000001e063395800 DEOPT UNPACKING pc=0x000001e06b7bef4e sp=0x000000226daf93c0 mode 1


Dynamic libraries:
0x00007ff623360000 - 0x00007ff62336f000 	D:\Java\jdk-12.0.2\bin\java.exe
0x00007ffaa3a00000 - 0x00007ffaa3bf0000 	C:\Windows\SYSTEM32\ntdll.dll
0x00007ffa7bf60000 - 0x00007ffa7bf73000 	C:\Program Files\AVAST Software\Avast\aswhook.dll
0x00007ffaa1ae0000 - 0x00007ffaa1b92000 	C:\Windows\System32\KERNEL32.DLL
0x00007ffaa1390000 - 0x00007ffaa1634000 	C:\Windows\System32\KERNELBASE.dll
0x00007ffaa19b0000 - 0x00007ffaa1aaa000 	C:\Windows\System32\ucrtbase.dll
0x00007ffa96f70000 - 0x00007ffa96f88000 	D:\Java\jdk-12.0.2\bin\jli.dll
0x00007ffaa3750000 - 0x00007ffaa37f3000 	C:\Windows\System32\ADVAPI32.dll
0x00007ffaa1dc0000 - 0x00007ffaa1e5e000 	C:\Windows\System32\msvcrt.dll
0x00007ffaa1ba0000 - 0x00007ffaa1c37000 	C:\Windows\System32\sechost.dll
0x00007ffaa3630000 - 0x00007ffaa3750000 	C:\Windows\System32\RPCRT4.dll
0x00007ffaa2790000 - 0x00007ffaa2924000 	C:\Windows\System32\USER32.dll
0x00007ffaa0b30000 - 0x00007ffaa0b51000 	C:\Windows\System32\win32u.dll
0x00007ffaa1ab0000 - 0x00007ffaa1ad6000 	C:\Windows\System32\GDI32.dll
0x00007ffaa1810000 - 0x00007ffaa19a6000 	C:\Windows\System32\gdi32full.dll
0x00007ffaa12f0000 - 0x00007ffaa138e000 	C:\Windows\System32\msvcp_win.dll
0x00007ffa93b80000 - 0x00007ffa93b96000 	D:\Java\jdk-12.0.2\bin\VCRUNTIME140.dll
0x00007ffa8f3b0000 - 0x00007ffa8f634000 	C:\Windows\WinSxS\amd64_microsoft.windows.common-controls_6595b64144ccf1df_6.0.18362.959_none_e6c7bbbf130c62bb\COMCTL32.dll
0x00007ffaa3180000 - 0x00007ffaa34b5000 	C:\Windows\System32\combase.dll
0x00007ffaa1790000 - 0x00007ffaa1810000 	C:\Windows\System32\bcryptPrimitives.dll
0x00007ffa9b6d0000 - 0x00007ffa9b6da000 	C:\Windows\SYSTEM32\VERSION.dll
0x00007ffaa2070000 - 0x00007ffaa209e000 	C:\Windows\System32\IMM32.DLL
0x00007ffa847e0000 - 0x00007ffa8488a000 	D:\Java\jdk-12.0.2\bin\msvcp140.dll
0x00007ffa385d0000 - 0x00007ffa39147000 	D:\Java\jdk-12.0.2\bin\server\jvm.dll
0x00007ffaa3620000 - 0x00007ffaa3628000 	C:\Windows\System32\PSAPI.DLL
0x00007ffa8d500000 - 0x00007ffa8d509000 	C:\Windows\SYSTEM32\WSOCK32.dll
0x00007ffaa3110000 - 0x00007ffaa317f000 	C:\Windows\System32\WS2_32.dll
0x00007ffa9d1b0000 - 0x00007ffa9d1d4000 	C:\Windows\SYSTEM32\WINMM.dll
0x00007ffa9d180000 - 0x00007ffa9d1ad000 	C:\Windows\SYSTEM32\WINMMBASE.dll
0x00007ffaa0ae0000 - 0x00007ffaa0b2a000 	C:\Windows\System32\cfgmgr32.dll
0x00007ffaa08c0000 - 0x00007ffaa08d1000 	C:\Windows\System32\kernel.appcore.dll
0x00007ffa8e4b0000 - 0x00007ffa8e4c1000 	D:\Java\jdk-12.0.2\bin\verify.dll
0x00007ffa9f1d0000 - 0x00007ffa9f3c4000 	C:\Windows\SYSTEM32\DBGHELP.DLL
0x00007ffa93d80000 - 0x00007ffa93daa000 	C:\Windows\SYSTEM32\dbgcore.DLL
0x00007ffa8e480000 - 0x00007ffa8e4a6000 	D:\Java\jdk-12.0.2\bin\java.dll
0x00007ffa84380000 - 0x00007ffa843b8000 	D:\Java\jdk-12.0.2\bin\jdwp.dll
0x00007ffa8e4e0000 - 0x00007ffa8e4ee000 	D:\Java\jdk-12.0.2\bin\instrument.dll
0x00007ffa88880000 - 0x00007ffa88897000 	D:\Java\jdk-12.0.2\bin\zip.dll
0x00007ffa888d0000 - 0x00007ffa888da000 	D:\Java\jdk-12.0.2\bin\jimage.dll
0x00007ffaa20a0000 - 0x00007ffaa2786000 	C:\Windows\System32\SHELL32.dll
0x00007ffaa1c40000 - 0x00007ffaa1ce9000 	C:\Windows\System32\shcore.dll
0x00007ffaa0b60000 - 0x00007ffaa12e2000 	C:\Windows\System32\windows.storage.dll
0x00007ffaa0950000 - 0x00007ffaa0973000 	C:\Windows\System32\profapi.dll
0x00007ffaa08e0000 - 0x00007ffaa092a000 	C:\Windows\System32\powrprof.dll
0x00007ffaa08b0000 - 0x00007ffaa08c0000 	C:\Windows\System32\UMPDC.dll
0x00007ffaa1cf0000 - 0x00007ffaa1d42000 	C:\Windows\System32\shlwapi.dll
0x00007ffaa0980000 - 0x00007ffaa0997000 	C:\Windows\System32\cryptsp.dll
0x00007ffa8e4d0000 - 0x00007ffa8e4da000 	D:\Java\jdk-12.0.2\bin\dt_socket.dll
0x00007ffaa0120000 - 0x00007ffaa0187000 	C:\Windows\system32\mswsock.dll
0x00007ffa887b0000 - 0x00007ffa887c9000 	D:\Java\jdk-12.0.2\bin\net.dll
0x00007ffa96e40000 - 0x00007ffa96f30000 	C:\Windows\SYSTEM32\WINHTTP.dll
0x00007ffa916f0000 - 0x00007ffa918c6000 	C:\Windows\SYSTEM32\urlmon.dll
0x00007ffa919f0000 - 0x00007ffa91c96000 	C:\Windows\SYSTEM32\iertutil.dll
0x00007ffaa02f0000 - 0x00007ffaa02fc000 	C:\Windows\SYSTEM32\CRYPTBASE.DLL
0x00007ffa88770000 - 0x00007ffa88783000 	D:\Java\jdk-12.0.2\bin\nio.dll
0x00007ffa88820000 - 0x00007ffa88829000 	D:\Java\jdk-12.0.2\bin\management.dll
0x00007ffa88760000 - 0x00007ffa8876c000 	D:\Java\jdk-12.0.2\bin\management_ext.dll
0x00007ffa80cd0000 - 0x00007ffa80ce6000 	C:\Windows\system32\napinsp.dll
0x00007ffa80cb0000 - 0x00007ffa80cca000 	C:\Windows\system32\pnrpnsp.dll
0x00007ffa9fe80000 - 0x00007ffa9ff4b000 	C:\Windows\SYSTEM32\DNSAPI.dll
0x00007ffaa1f10000 - 0x00007ffaa1f18000 	C:\Windows\System32\NSI.dll
0x00007ffa9fe30000 - 0x00007ffa9fe6a000 	C:\Windows\SYSTEM32\IPHLPAPI.DLL
0x00007ffa80ca0000 - 0x00007ffa80cae000 	C:\Windows\System32\winrnr.dll
0x00007ffa9cd80000 - 0x00007ffa9cd9c000 	C:\Windows\system32\NLAapi.dll
0x00007ffa80c80000 - 0x00007ffa80c95000 	C:\Windows\system32\wshbth.dll
0x00007ffa8e2f0000 - 0x00007ffa8e2fa000 	C:\Windows\System32\rasadhlp.dll
0x00007ffa937f0000 - 0x00007ffa93867000 	C:\Windows\System32\fwpuclnt.dll
0x00007ffaa0a50000 - 0x00007ffaa0a76000 	C:\Windows\System32\bcrypt.dll
0x00007ffa9fc90000 - 0x00007ffa9fcc3000 	C:\Windows\system32\rsaenh.dll
0x00007ffaa07d0000 - 0x00007ffaa07f5000 	C:\Windows\SYSTEM32\USERENV.dll
0x00007ffa96810000 - 0x00007ffa96826000 	C:\Windows\SYSTEM32\dhcpcsvc6.DLL
0x00007ffa96a80000 - 0x00007ffa96a9c000 	C:\Windows\SYSTEM32\dhcpcsvc.DLL

dbghelp: loaded successfully - version: 4.0.5 - missing functions: none
symbol engine: initialized successfully - sym options: 0x614 - pdb path: .;D:\Java\jdk-12.0.2\bin;C:\Windows\SYSTEM32;C:\Program Files\AVAST Software\Avast;C:\Windows\WinSxS\amd64_microsoft.windows.common-controls_6595b64144ccf1df_6.0.18362.959_none_e6c7bbbf130c62bb;D:\Java\jdk-12.0.2\bin\server

VM Arguments:
jvm_args: -agentlib:jdwp=transport=dt_socket,address=127.0.0.1:57946,suspend=y,server=n -ea -Didea.test.cyclic.buffer.size=1048576 -javaagent:C:\Users\Martin\AppData\Local\JetBrains\IntelliJIdea2020.1\captureAgent\debugger-agent.jar -Dfile.encoding=UTF-8 
java_command: com.intellij.rt.junit.JUnitStarter -ideVersion5 -junit5 com.example.english.controller.ContentControllerTests,getAllGrammarCategories_shouldReturnAllCategories
java_class_path (initial): D:\IntelliJ IDEA 2019.3.3\lib\idea_rt.jar;C:\Users\Martin\.m2\repository\org\junit\platform\junit-platform-launcher\1.5.2\junit-platform-launcher-1.5.2.jar;C:\Users\Martin\.m2\repository\org\junit\vintage\junit-vintage-engine\5.5.2\junit-vintage-engine-5.5.2.jar;C:\Users\Martin\.m2\repository\org\hamcrest\hamcrest-core\1.3\hamcrest-core-1.3.jar;D:\IntelliJ IDEA 2019.3.3\plugins\junit\lib\junit5-rt.jar;D:\IntelliJ IDEA 2019.3.3\plugins\junit\lib\junit-rt.jar;D:\Downloads\web-english-project\target\test-classes;D:\Downloads\web-english-project\target\classes;C:\Users\Martin\AppData\Roaming\JetBrains\IntelliJIdea2020.1\javascript\extLibs\http_unpkg.com_react@16_umd_react.development.js;C:\Users\Martin\AppData\Roaming\JetBrains\IntelliJIdea2020.1\javascript\extLibs\http_unpkg.com_react@^16_umd_react.production.min.js;C:\Users\Martin\AppData\Roaming\JetBrains\IntelliJIdea2020.1\javascript\extLibs\http_unpkg.com_react-dom@16.13.0_umd_react-dom.production.min.js;C:\Users\Martin\AppData\Roaming\JetBrains\IntelliJIdea2020.1\javascript\extLibs\http_unpkg.com_react-dom@16_umd_react-dom.development.js;C:\Users\Martin\AppData\Roaming\JetBrains\IntelliJIdea2020.1\javascript\extLibs\http_unpkg.com_babel-standalone@6.26.0_babel.js;C:\Users\Martin\AppData\Roaming\JetBrains\IntelliJIdea2020.1\javascript\extLibs\http_unpkg.com_babel-standalone@6_babel.js;C:\Users\Martin\AppData\Roaming\JetBrains\IntelliJIdea2020.1\javascript\extLibs\__maxcdn.bootstrapcdn.com_bootstrap_4.1.1_css_bootstrap.css;C:\Users\Martin\AppData\Roaming\JetBrains\IntelliJIdea2020.1\javascript\extLibs\__maxcdn.bootstrapcdn.com_bootstrap_4.1.1_js_bootstrap.js;C:\Users\Martin\AppData\Roaming\JetBrains\IntelliJIdea2020.1\javascript\extLibs\http_maxcdn.bootstrapcdn.com_bootstrap_4.4.1_css_bootstrap.css;C:\Users\Martin\AppData\Roaming\JetBrains\IntelliJIdea2020.1\javascript\extLibs\http_stackpath.bootstrapcdn.com_bootstrap_4.3.1_css_bootstrap.css;C:\Users\Martin\AppData\Roaming\JetBrains\Inte
Launcher Type: SUN_STANDARD

[Global flags]
     intx CICompilerCount                          = 3                                         {product} {ergonomic}
     uint ConcGCThreads                            = 1                                         {product} {ergonomic}
     uint G1ConcRefinementThreads                  = 4                                         {product} {ergonomic}
   size_t G1HeapRegionSize                         = 1048576                                   {product} {ergonomic}
    uintx GCDrainStackTargetSize                   = 64                                        {product} {ergonomic}
   size_t InitialHeapSize                          = 132120576                                 {product} {ergonomic}
   size_t MarkStackSize                            = 4194304                                   {product} {ergonomic}
   size_t MaxHeapSize                              = 2113929216                                {product} {ergonomic}
   size_t MaxNewSize                               = 1267728384                                {product} {ergonomic}
   size_t MinHeapDeltaBytes                        = 1048576                                   {product} {ergonomic}
    uintx NonNMethodCodeHeapSize                   = 5830732                                {pd product} {ergonomic}
    uintx NonProfiledCodeHeapSize                  = 122913754                              {pd product} {ergonomic}
    uintx ProfiledCodeHeapSize                     = 122913754                              {pd product} {ergonomic}
    uintx ReservedCodeCacheSize                    = 251658240                              {pd product} {ergonomic}
     bool SegmentedCodeCache                       = true                                      {product} {ergonomic}
     bool UseCompressedClassPointers               = true                                 {lp64_product} {ergonomic}
     bool UseCompressedOops                        = true                                 {lp64_product} {ergonomic}
     bool UseG1GC                                  = true                                      {product} {ergonomic}
     bool UseLargePagesIndividualAllocation        = false                                  {pd product} {ergonomic}

Logging:
Log output configuration:
 #0: stdout all=warning uptime,level,tags
 #1: stderr all=off uptime,level,tags

Environment Variables:
JAVA_HOME=D:\JavaJDK
PATH=C:\Windows\System32;D:\Javascript;D:\JDK_13.0.2\bin;D:\Git\cmd;D:\Git\cmd;C:\Program Files\MySQL\MySQL Shell 8.0\bin\;D:\Downloads\apache-maven-3.6.3-bin\apache-maven-3.6.3\bin;C:\Users\Martin\AppData\Roaming\npm;C:\Users\Martin\AppData\Local\Programs\Microsoft VS Code\bin;D:\heroku\bin
USERNAME=Martin
OS=Windows_NT
PROCESSOR_IDENTIFIER=Intel64 Family 6 Model 78 Stepping 3, GenuineIntel



---------------  S Y S T E M  ---------------

OS: Windows 10 , 64 bit Build 18362 (10.0.18362.959)

CPU:total 4 (initial active 4) (2 cores per cpu, 2 threads per core) family 6 model 78 stepping 3, cmov, cx8, fxsr, mmx, sse, sse2, sse3, ssse3, sse4.1, sse4.2, popcnt, avx, avx2, aes, clmul, erms, 3dnowpref, lzcnt, ht, tsc, tscinvbit, bmi1, bmi2, adx, fma

Memory: 4k page, system-wide physical 8056M (388M free)
TotalPageFile size 14375M (AvailPageFile size 9M)
current process WorkingSet (physical memory assigned to process): 305M, peak: 307M
current process commit charge ("private bytes"): 346M, peak: 348M

vm_info: Java HotSpot(TM) 64-Bit Server VM (12.0.2+10) for windows-amd64 JRE (12.0.2+10), built on Jul 16 2019 01:56:17 by "mach5one" with MS VC++ 15.5 (VS2017)

END.
